"../../../../../Users/W211641607/Desktop/MM/Content/Demo/Sprites/Character/thumbnail_character_test_2.uasset" 0
"../../../../../Users/W211641607/Desktop/MM/Content/Demo/Sprites/Character/Sprite_test.uasset" 1
"../../../../../Users/W211641607/Desktop/MM/Content/Demo/Sprites/Enviroment/Tiles.uasset" 2
"../../../../../Users/W211641607/Desktop/MM/Content/Demo/Sprites/Enviroment/Block_A_00.uasset" 3
"../../../../../Users/W211641607/Desktop/MM/Content/Demo/Sprites/Enviroment/Block_A_01.uasset" 4
"../../../../../Users/W211641607/Desktop/MM/Content/Demo/Sprites/Enviroment/Block_A_1.uasset" 5
"../../../../../Users/W211641607/Desktop/MM/Content/Demo/Sprites/Enviroment/Block_A_2.uasset" 6
"../../../../../Users/W211641607/Desktop/MM/Content/Demo/Sprites/Enviroment/Block_A_3.uasset" 7
"../../../../../Users/W211641607/Desktop/MM/Content/Demo/Sprites/Enviroment/Block_A_4.uasset" 8
"../../../../../Users/W211641607/Desktop/MM/Content/Demo/Sprites/Enviroment/Block_A_5.uasset" 9
"../../../../../Users/W211641607/Desktop/MM/Content/Demo/Sprites/Enviroment/Block_A_6.uasset" 10
"../../../../../Users/W211641607/Desktop/MM/Content/Demo/Sprites/Enviroment/Block_A_7.uasset" 11
"../../../../../Users/W211641607/Desktop/MM/Content/Demo/Sprites/Enviroment/Tiles_Sprite_1.uasset" 12
"../../../../../Users/W211641607/Desktop/MM/Content/Demo/Sprites/Enviroment/Tiles_Sprite_10.uasset" 13
"../../../../../Users/W211641607/Desktop/MM/Content/Demo/Sprites/Enviroment/Tiles_Sprite_11.uasset" 14
"../../../../../Users/W211641607/Desktop/MM/Content/Demo/Sprites/Enviroment/Tiles_Sprite_12.uasset" 15
"../../../../../Users/W211641607/Desktop/MM/Content/Demo/Sprites/Enviroment/Tiles_Sprite_13.uasset" 16
"../../../../../Users/W211641607/Desktop/MM/Content/Demo/Sprites/Enviroment/Tiles_Sprite_14.uasset" 17
"../../../../../Users/W211641607/Desktop/MM/Content/Demo/Sprites/Enviroment/Tiles_Sprite_15.uasset" 18
"../../../../../Users/W211641607/Desktop/MM/Content/Demo/Sprites/Enviroment/Tiles_Sprite_16.uasset" 19
"../../../../../Users/W211641607/Desktop/MM/Content/Demo/Sprites/Enviroment/Tiles_Sprite_17.uasset" 20
"../../../../../Users/W211641607/Desktop/MM/Content/Demo/Sprites/Enviroment/Tiles_Sprite_18.uasset" 21
"../../../../../Users/W211641607/Desktop/MM/Content/Demo/Sprites/Enviroment/Tiles_Sprite_19.uasset" 22
"../../../../../Users/W211641607/Desktop/MM/Content/Demo/Sprites/Enviroment/Tiles_Sprite_2.uasset" 23
"../../../../../Users/W211641607/Desktop/MM/Content/Demo/Sprites/Enviroment/Tiles_Sprite_20.uasset" 24
"../../../../../Users/W211641607/Desktop/MM/Content/Demo/Sprites/Enviroment/Tiles_Sprite_21.uasset" 25
"../../../../../Users/W211641607/Desktop/MM/Content/Demo/Sprites/Enviroment/Tiles_Sprite_22.uasset" 26
"../../../../../Users/W211641607/Desktop/MM/Content/Demo/Sprites/Enviroment/Tiles_Sprite_23.uasset" 27
"../../../../../Users/W211641607/Desktop/MM/Content/Demo/Sprites/Enviroment/Tiles_Sprite_24.uasset" 28
"../../../../../Users/W211641607/Desktop/MM/Content/Demo/Sprites/Enviroment/Tiles_Sprite_25.uasset" 29
"../../../../../Users/W211641607/Desktop/MM/Content/Demo/Sprites/Enviroment/Tiles_Sprite_26.uasset" 30
"../../../../../Users/W211641607/Desktop/MM/Content/Demo/Sprites/Enviroment/Tiles_Sprite_27.uasset" 31
"../../../../../Users/W211641607/Desktop/MM/Content/Demo/Sprites/Enviroment/Tiles_Sprite_28.uasset" 32
"../../../../../Users/W211641607/Desktop/MM/Content/Demo/Sprites/Enviroment/Tiles_Sprite_29.uasset" 33
"../../../../../Users/W211641607/Desktop/MM/Content/Demo/Sprites/Enviroment/Tiles_Sprite_3.uasset" 34
"../../../../../Users/W211641607/Desktop/MM/Content/Demo/Sprites/Enviroment/Tiles_Sprite_30.uasset" 35
"../../../../../Users/W211641607/Desktop/MM/Content/Demo/Sprites/Enviroment/Tiles_Sprite_31.uasset" 36
"../../../../../Users/W211641607/Desktop/MM/Content/Demo/Sprites/Enviroment/Tiles_Sprite_32.uasset" 37
"../../../../../Users/W211641607/Desktop/MM/Content/Demo/Sprites/Enviroment/Tiles_Sprite_33.uasset" 38
"../../../../../Users/W211641607/Desktop/MM/Content/Demo/Sprites/Enviroment/Tiles_Sprite_34.uasset" 39
"../../../../../Users/W211641607/Desktop/MM/Content/Demo/Sprites/Enviroment/Tiles_Sprite_35.uasset" 40
"../../../../../Users/W211641607/Desktop/MM/Content/Demo/Sprites/Enviroment/Tiles_Sprite_36.uasset" 41
"../../../../../Users/W211641607/Desktop/MM/Content/Demo/Sprites/Enviroment/Tiles_Sprite_37.uasset" 42
"../../../../../Users/W211641607/Desktop/MM/Content/Demo/Sprites/Enviroment/Tiles_Sprite_38.uasset" 43
"../../../../../Users/W211641607/Desktop/MM/Content/Demo/Sprites/Enviroment/Tiles_Sprite_39.uasset" 44
"../../../../../Users/W211641607/Desktop/MM/Content/Demo/Sprites/Enviroment/Tiles_Sprite_4.uasset" 45
"../../../../../Users/W211641607/Desktop/MM/Content/Demo/Sprites/Enviroment/Tiles_Sprite_5.uasset" 46
"../../../../../Users/W211641607/Desktop/MM/Content/Demo/Sprites/Enviroment/Tiles_Sprite_8.uasset" 47
"../../../../../Users/W211641607/Desktop/MM/Content/Demo/Sprites/Enviroment/Tiles_Sprite_9.uasset" 48
"../../../../../Users/W211641607/Desktop/MM/Content/Geometry/Meshes/CubeMaterial.uasset" 49
"../../../../../Users/W211641607/Desktop/MM/Content/Geometry/Meshes/1M_Cube_Chamfer.uasset" 50
"../../../../../Users/W211641607/Desktop/MM/Content/Geometry/Meshes/neighborhood_House.uasset" 51
"../../../../../Users/W211641607/Desktop/MM/Content/SideScrollerBP/SideScrollerOverview.uasset" 52
"../../../../../Users/W211641607/Desktop/MM/Content/SideScrollerBP/Meshes/CubeMaterial.uasset" 53
"../../../../../Users/W211641607/Desktop/MM/Content/SideScrollerBP/Meshes/Ramp_Mesh.uasset" 54
"../../../Engine/Content/Animation/DefaultAnimCurveCompressionSettings.uasset" 55
"../../../Engine/Content/Functions/Engine_MaterialFunctions01/Opacity/CameraDepthFade.uasset" 56
"../../../Engine/Content/EngineMaterials/T_Default_Material_Grid_M.uasset" 57
"../../../Engine/Content/EngineMaterials/T_Default_Material_Grid_N.uasset" 58
"../../../Engine/Content/EngineMaterials/WorldGridMaterial.uasset" 59
"../../../Engine/Content/ArtTools/RenderToTexture/Meshes/S_1_Unit_Plane.uasset" 60
"../../../Engine/Content/EngineMaterials/DefaultMaterial.uasset" 61
"../../../Engine/Content/BasicShapes/Cone.uasset" 62
"../../../Engine/Content/BasicShapes/Cylinder.uasset" 63
"../../../Engine/Content/BasicShapes/Plane.uasset" 64
"../../../Engine/Content/BasicShapes/Sphere.uasset" 65
"../../../Engine/Content/EditorLandscapeResources/DataLayer.uasset" 66
"../../../Engine/Content/EditorMaterials/GizmoMaterial.uasset" 67
"../../../Engine/Content/EditorMaterials/MAT_Groups_Toggle.uasset" 68
"../../../Engine/Content/EditorMaterials/MAT_Groups_Visibility.uasset" 69
"../../../Engine/Content/EditorMaterials/PreviewShadowIndicator.uasset" 70
"../../../Engine/Content/EditorMaterials/PreviewShadowIndicatorMaterial.uasset" 71
"../../../Engine/Content/EditorMaterials/MatineeGroups/MAT_ColorTrack.uasset" 72
"../../../Engine/Content/EditorMaterials/MatineeGroups/MAT_Groups_Anim.uasset" 73
"../../../Engine/Content/EditorMaterials/MatineeGroups/MAT_Groups_AudioMaster.uasset" 74
"../../../Engine/Content/EditorMaterials/MatineeGroups/MAT_Groups_Director.uasset" 75
"../../../Engine/Content/EditorMaterials/MatineeGroups/MAT_Groups_Event.uasset" 76
"../../../Engine/Content/EditorMaterials/MatineeGroups/MAT_Groups_Fade.uasset" 77
"../../../Engine/Content/EditorMaterials/MatineeGroups/MAT_Groups_Float.uasset" 78
"../../../Engine/Content/EditorMaterials/MatineeGroups/MAT_Groups_Move.uasset" 79
"../../../Engine/Content/EditorMaterials/MatineeGroups/MAT_Groups_Slomo.uasset" 80
"../../../Engine/Content/EditorMaterials/MatineeGroups/MAT_Groups_Sound.uasset" 81
"../../../Engine/Content/EditorMaterials/MatineeGroups/MAT_Groups_Vector.uasset" 82
"../../../Engine/Content/EditorMaterials/ParticleSystems/PSysThumbnail_NoImage.uasset" 83
"../../../Engine/Content/EditorMaterials/ParticleSystems/PSysThumbnail_OOD.uasset" 84
"../../../Engine/Content/EditorMaterials/Camera/CineMat.uasset" 85
"../../../Engine/Content/EditorMaterials/Camera/MI_CineMat_Rig.uasset" 86
"../../../Engine/Content/EditorMeshes/Camera/SM_CraneRig_Arm.uasset" 87
"../../../Engine/Content/EditorMeshes/Camera/SM_CraneRig_Base.uasset" 88
"../../../Engine/Content/EditorMeshes/Camera/SM_CraneRig_Body.uasset" 89
"../../../Engine/Content/EditorMeshes/Camera/SM_CraneRig_Mount.uasset" 90
"../../../Engine/Content/EditorMeshes/Camera/SM_RailRig_Mount.uasset" 91
"../../../Engine/Content/EditorMeshes/Camera/SM_RailRig_Track.uasset" 92
"../../../Engine/Content/EditorResources/BSPVertex.uasset" 93
"../../../Engine/Content/EditorResources/EmptyActor.uasset" 94
"../../../Engine/Content/EditorResources/S_Actor.uasset" 95
"../../../Engine/Content/EditorResources/S_Note.uasset" 96
"../../../Engine/Content/EditorResources/S_Trigger.uasset" 97
"../../../Engine/Content/EditorResources/LightIcons/S_LightError.uasset" 98
"../../../Engine/Content/EditorResources/SequenceRecorder/Countdown.uasset" 99
"../../../Engine/Content/EditorResources/SequenceRecorder/RecordingIndicator.uasset" 100
"../../../Engine/Content/EditorSounds/Notifications/CompileFailed.uasset" 101
"../../../Engine/Content/EditorSounds/Notifications/CompileFailed_Cue.uasset" 102
"../../../Engine/Content/EditorSounds/Notifications/CompileSuccess.uasset" 103
"../../../Engine/Content/EditorSounds/Notifications/CompileStart_Cue.uasset" 104
"../../../Engine/Content/EditorSounds/Notifications/CompileSuccess_Cue.uasset" 105
"../../../Engine/Content/EngineDamageTypes/DmgTypeBP_Environmental.uasset" 106
"../../../Engine/Content/EngineDebugMaterials/HeatmapGradient.uasset" 107
"../../../Engine/Content/EngineDebugMaterials/BoneWeightMaterial.uasset" 108
"../../../Engine/Content/EngineDebugMaterials/ClothMaterial.uasset" 109
"../../../Engine/Content/EngineDebugMaterials/ClothMaterial_WF.uasset" 110
"../../../Engine/Content/EngineDebugMaterials/DebugEditorMaterial.uasset" 111
"../../../Engine/Content/EngineDebugMaterials/DebugMeshMaterial.uasset" 112
"../../../Engine/Content/EngineDebugMaterials/GeomMaterial.uasset" 113
"../../../Engine/Content/EngineDebugMaterials/M_SimpleTranslucent.uasset" 114
"../../../Engine/Content/EngineFonts/Faces/RobotoBold.uasset" 115
"../../../Engine/Content/EngineFonts/Faces/RobotoBoldItalic.uasset" 116
"../../../Engine/Content/EngineFonts/Faces/RobotoItalic.uasset" 117
"../../../Engine/Content/EngineFonts/Faces/RobotoLight.uasset" 118
"../../../Engine/Content/EngineFonts/Faces/RobotoRegular.uasset" 119
"../../../Engine/Content/EngineFonts/Roboto.uasset" 120
"../../../Engine/Content/EngineFonts/Faces/RobotoTiny.uasset" 121
"../../../Engine/Content/EngineFonts/RobotoTiny.uasset" 122
"../../../Engine/Content/EngineMaterials/BaseFlattenDiffuseMap.uasset" 123
"../../../Engine/Content/EngineMaterials/BaseFlattenEmissiveMap.uasset" 124
"../../../Engine/Content/EngineMaterials/BaseFlattenGrayscaleMap.uasset" 125
"../../../Engine/Content/EngineMaterials/BaseFlattenNormalMap.uasset" 126
"../../../Engine/Content/EngineMaterials/BaseFlattenMaterial.uasset" 127
"../../../Engine/Content/EngineMaterials/DefaultBloomKernel.uasset" 128
"../../../Engine/Content/EngineMaterials/DefaultBokeh.uasset" 129
"../../../Engine/Content/EngineMaterials/DefaultDiffuse.uasset" 130
"../../../Engine/Content/EngineMaterials/DefaultDeferredDecalMaterial.uasset" 131
"../../../Engine/Content/EngineMaterials/DefaultLightFunctionMaterial.uasset" 132
"../../../Engine/Content/EngineMaterials/DefaultPhysicalMaterial.uasset" 133
"../../../Engine/Content/Functions/Engine_MaterialFunctions02/Utility/BreakOutFloat2Components.uasset" 134
"../../../Engine/Content/EngineMaterials/DefaultPostProcessMaterial.uasset" 135
"../../../Engine/Content/EngineFonts/RobotoDistanceField.uasset" 136
"../../../Engine/Content/EngineMaterials/DefaultTextMaterialOpaque.uasset" 137
"../../../Engine/Content/EngineMaterials/DefaultWhiteGrid.uasset" 138
"../../../Engine/Content/EngineMaterials/EditorBrushMaterial.uasset" 139
"../../../Engine/Content/EngineMaterials/Good64x64TilingNoiseHighFreq.uasset" 140
"../../../Engine/Content/EngineMaterials/MiniFont.uasset" 141
"../../../Engine/Content/EngineMaterials/InvalidLightmapSettings.uasset" 142
"../../../Engine/Content/EngineMaterials/M_InvalidLightmapSettings.uasset" 143
"../../../Engine/Content/Functions/Engine_MaterialFunctions02/WorldPositionOffset/CameraOffset.uasset" 144
"../../../Engine/Content/EngineMaterials/PhAT_JointLimitMaterial.uasset" 145
"../../../Engine/Content/EngineMaterials/PreintegratedSkinBRDF.uasset" 146
"../../../Engine/Content/EngineMaterials/RemoveSurfaceMaterial.uasset" 147
"../../../Engine/Content/EngineMaterials/WeightMapPlaceholderTexture.uasset" 148
"../../../Engine/Content/EngineResources/WhiteSquareTexture.uasset" 149
"../../../Engine/Content/EngineMaterials/Widget3DPassThrough.uasset" 150
"../../../Engine/Content/EngineMaterials/Widget3DPassThrough_Masked.uasset" 151
"../../../Engine/Content/EngineMaterials/Widget3DPassThrough_Opaque.uasset" 152
"../../../Engine/Content/EngineMaterials/Widget3DPassThrough_Masked_OneSided.uasset" 153
"../../../Engine/Content/EngineMaterials/Widget3DPassThrough_Opaque_OneSided.uasset" 154
"../../../Engine/Content/EngineMaterials/Widget3DPassThrough_Translucent.uasset" 155
"../../../Engine/Content/EngineMaterials/Widget3DPassThrough_Translucent_OneSided.uasset" 156
"../../../Engine/Content/EngineMeshes/Cylinder.uasset" 157
"../../../Engine/Content/EngineMeshes/Sphere.uasset" 158
"../../../Engine/Content/EngineResources/Black.uasset" 159
"../../../Engine/Content/EngineResources/DefaultTexture.uasset" 160
"../../../Engine/Content/EngineResources/DefaultTextureCube.uasset" 161
"../../../Engine/Content/EngineResources/DefaultVolumeTexture2D.uasset" 162
"../../../Engine/Content/EngineResources/DefaultVolumeTexture.uasset" 163
"../../../Engine/Content/EngineResources/GradientTexture0.uasset" 164
"../../../Engine/Content/EngineSounds/Master.uasset" 165
"../../../Engine/Content/Functions/Engine_MaterialFunctions01/Shading/ConvertFromDiffSpec.uasset" 166
"../../../Engine/Content/Functions/Engine_MaterialFunctions01/Shading/PowerToRoughness.uasset" 167
"../../../Engine/Content/Maps/Templates/Thumbnails/Default.uasset" 168
"../../../Engine/Content/Maps/Templates/Thumbnails/VR-Basic.uasset" 169
"../../../Engine/Content/MobileResources/T_MobileControls_texture.uasset" 170
"../../../Engine/Content/MobileResources/T_MobileMenu2.uasset" 171
"../../../Engine/Content/MobileResources/HUD/AnalogHat.uasset" 172
"../../../Engine/Content/MobileResources/HUD/VirtualJoystick_Background.uasset" 173
"../../../Engine/Content/MobileResources/HUD/VirtualJoystick_Thumb.uasset" 174
"../../../Engine/Content/MobileResources/HUD/DefaultVirtualJoysticks.uasset" 175
"../../../Engine/Content/MobileResources/HUD/LeftVirtualJoystickOnly.uasset" 176
"../../../Engine/Content/MobileResources/HUD/MobileHUDButton1_off.uasset" 177
"../../../Engine/Content/MobileResources/HUD/MobileHUDButton1_on.uasset" 178
"../../../Engine/Content/MobileResources/HUD/MobileHUDButton2_off.uasset" 179
"../../../Engine/Content/MobileResources/HUD/MobileHUDButton2_on.uasset" 180
"../../../Engine/Content/MobileResources/HUD/MobileHUDButton3.uasset" 181
"../../../Engine/Content/MobileResources/HUD/MobileHUDButtonFire.uasset" 182
"../../../Engine/Content/MobileResources/HUD/MobileHUDDirectionPad.uasset" 183
"../../../Engine/Content/MobileResources/HUD/MobileHUDDirectionPad2.uasset" 184
"../../../Engine/Content/MobileResources/HUD/MobileHUDDirectionPad3.uasset" 185
"../../../Engine/Content/MobileResources/HUD/MobileHUDDirectionStick.uasset" 186
"../../../Engine/Content/MobileResources/HUD/T_Castle_ThumbstickInner.uasset" 187
"../../../Engine/Content/MobileResources/HUD/T_Castle_ThumbstickOutter.uasset" 188
"../../../Engine/Content/Tutorial/ContentIntroCurve.uasset" 189
"../../../Engine/Content/Tutorial/Basics/LevelEditorAttract.uasset" 190
"../../../Engine/Content/VREditor/LaserPointer/VR_LaserPower_01.uasset" 191
"../../../Engine/Content/VREditor/TransformGizmo/TransformGizmoMaterial.uasset" 192
"../../../Engine/Content/VREditor/TransformGizmo/TranslucentTransformGizmoMaterial.uasset" 193
"../../../Engine/Content/VREditor/TransformGizmo/BoundingBoxCorner.uasset" 194
"../../../Engine/Content/VREditor/TransformGizmo/BoundingBoxEdge.uasset" 195
"../../../Engine/Content/VREditor/TransformGizmo/PlaneTranslationHandle.uasset" 196
"../../../Engine/Content/VREditor/TransformGizmo/Main.uasset" 197
"../../../Engine/Content/VREditor/TransformGizmo/Xray.uasset" 198
"../../../Engine/Content/VREditor/TransformGizmo/SM_Sequencer_Key.uasset" 199
"../../../Engine/Content/VREditor/TransformGizmo/SM_Sequencer_Node.uasset" 200
"../../Plugins/2D/Paper2D/Content/PlaceholderTextures/DummySpriteTexture.uasset" 201
"../../Plugins/2D/Paper2D/Content/DummySprite.uasset" 202
"../../Plugins/2D/Paper2D/Content/DefaultPaperTerrainMaterial.uasset" 203
"../../Plugins/2D/Paper2D/Content/DummySpriteTexture.uasset" 204
"../../Plugins/2D/Paper2D/Content/DefaultSpriteMaterial.uasset" 205
"../../Plugins/2D/Paper2D/Content/MaskedUnlitSpriteMaterial.uasset" 206
"../../Plugins/2D/Paper2D/Content/OpaqueUnlitSpriteMaterial.uasset" 207
"../../Plugins/Runtime/Oculus/OculusVR/Content/OculusMR_RenderTarget.uasset" 208
"../../../Engine/Content/Functions/Engine_MaterialFunctions02/Utility/BreakOutFloat4Components.uasset" 209
"../../../Engine/Content/Functions/Engine_MaterialFunctions02/Utility/MakeFloat2.uasset" 210
"../../../Engine/Content/Functions/Engine_MaterialFunctions02/Utility/MakeFloat3.uasset" 211
"../../Plugins/Runtime/Oculus/OculusVR/Content/Materials/OculusMR_ChromaKey.uasset" 212
"../../Plugins/Runtime/Oculus/OculusVR/Content/Materials/OculusMR_ChromaKey_Lit.uasset" 213
"../../Plugins/Runtime/Oculus/OculusVR/Content/Materials/OculusMR_OpaqueColoredMaterial.uasset" 214
"../../Plugins/Runtime/Oculus/OculusVR/Content/Materials/OculusMR_WhiteMaterial.uasset" 215
"../../Plugins/Runtime/Oculus/OculusVR/Content/Materials/PokeAHoleMaterial.uasset" 216
"../../Plugins/Runtime/Oculus/OculusVR/Content/Textures/GearVRController_AO.uasset" 217
"../../Plugins/Runtime/Oculus/OculusVR/Content/Textures/GearVRController_Color.uasset" 218
"../../Plugins/Runtime/Oculus/OculusVR/Content/Textures/GearVRController_Normal.uasset" 219
"../../Plugins/Runtime/Oculus/OculusVR/Content/Materials/GearVRControllerMaterial.uasset" 220
"../../Plugins/Runtime/Oculus/OculusVR/Content/Meshes/GearVrController.uasset" 221
"../../Plugins/Runtime/Oculus/OculusVR/Content/Textures/touchController_albedo.uasset" 222
"../../Plugins/Runtime/Oculus/OculusVR/Content/Textures/touchController_controlmap.uasset" 223
"../../Plugins/Runtime/Oculus/OculusVR/Content/Materials/touchController_mat.uasset" 224
"../../Plugins/Runtime/Oculus/OculusVR/Content/Meshes/LeftTouchController.uasset" 225
"../../Plugins/Runtime/Oculus/OculusVR/Content/Meshes/RiftHMD.uasset" 226
"../../Plugins/Runtime/Oculus/OculusVR/Content/Meshes/RightTouchController.uasset" 227
"../../../Engine/Content/EditorBlueprintResources/StandardMacros.uasset" 228
"../../../Engine/Content/EngineSky/C_Sky_Cloud_Color.uasset" 229
"../../../Engine/Content/EngineSky/C_Sky_Horizon_Color.uasset" 230
"../../../Engine/Content/EngineSky/C_Sky_Zenith_Color.uasset" 231
"../../../Engine/Content/EngineSky/T_Sky_Blue.uasset" 232
"../../../Engine/Content/EngineSky/T_Sky_Clouds_M.uasset" 233
"../../../Engine/Content/EngineSky/T_Sky_Stars.uasset" 234
"../../../Engine/Content/EngineSky/M_Sky_Panning_Clouds2.uasset" 235
"../../../Engine/Content/EngineSky/SM_SkySphere.uasset" 236
"../../../Engine/Content/EngineSky/BP_Sky_Sphere.uasset" 237
"../../Plugins/2D/Paper2D/Content/TranslucentUnlitSpriteMaterial.uasset" 238
"../../../../../Users/W211641607/Desktop/MM/Content/Demo/Sprites/Character/MM1.uasset" 239
"../../../../../Users/W211641607/Desktop/MM/Content/Demo/Sprites/Character/MM1_Sprite.uasset" 240
"../../../../../Users/W211641607/Desktop/MM/Content/Demo/Blueprint/BP_Test.uasset" 241
"../../../../../Users/W211641607/Desktop/MM/Content/SideScrollerBP/Blueprints/SideScrollerGameMode.uasset" 242
"../../../Engine/Content/BasicShapes/Cube.uasset" 243
"../../../../../Users/W211641607/Desktop/MM/Content/Geometry/Meshes/neighborhood.uasset" 244
"../../../../../Users/W211641607/Desktop/MM/Content/Geometry/Meshes/neighborhood_Sprite.uasset" 245
"../../../../../Users/W211641607/Desktop/MM/Content/Geometry/Meshes/TemplateFloor.uasset" 246
"../../../../../Users/W211641607/Desktop/MM/Content/Demo/Maps/Level_00.umap" 247
"../../../../../Users/W211641607/Desktop/MM/Content/SideScrollerBP/Blueprints/SideScrollerCharacter.uasset" 248
"../../../Engine/Content/Functions/Engine_MaterialFunctions03/Procedurals/ComputeFilterWidth.uasset" 249
"../../../Engine/Content/EngineMaterials/AntiAliasedTextMaterialTranslucent.uasset" 250
"../../../../../Users/W211641607/Desktop/MM/Content/Geometry/Meshes/1M_Cube.uasset" 251
"../../../../../Users/W211641607/Desktop/MM/Content/SideScrollerBP/Maps/SideScrollerExampleMap.umap" 252
"../../../Engine/Content/Maps/Entry_BuiltData.uasset" 253
"../../../Engine/Content/Maps/Entry.umap" 254
