Log file open, 11/06/19 23:08:06
LogWindows: Failed to load 'aqProf.dll' (GetLastError=126)
LogWindows: File 'aqProf.dll' does not exist
LogWindows: Failed to load 'VtuneApi.dll' (GetLastError=126)
LogWindows: File 'VtuneApi.dll' does not exist
LogWindows: Failed to load 'VtuneApi32e.dll' (GetLastError=126)
LogWindows: File 'VtuneApi32e.dll' does not exist
LogConsoleResponse: Display: Failed to find resolution value strings in scalability ini. Falling back to default.
LogInit: Display: Running engine for game: MoonMan_Prototype
LogPakFile: Registered encryption key '00000000000000000000000000000000': 0 pak files mounted, 0 remain pending
LogPlatformFile: Not using cached read wrapper
LogTaskGraph: Started task graph with 5 named threads and 14 total threads with 3 sets of task threads.
LogStats: Stats thread started at 0.331947
LogD3D11RHI: Loaded GFSDK_Aftermath_Lib.x64.dll
LogICUInternationalization: ICU TimeZone Detection - Raw Offset: -6:00, Platform Override: ''
LogPluginManager: Mounting plugin Paper2D
LogPluginManager: Mounting plugin AISupport
LogPluginManager: Mounting plugin LightPropagationVolume
LogPluginManager: Mounting plugin ActorLayerUtilities
LogPluginManager: Mounting plugin AnimationSharing
LogPluginManager: Mounting plugin CLionSourceCodeAccess
LogPluginManager: Mounting plugin CodeLiteSourceCodeAccess
LogPluginManager: Mounting plugin GitSourceControl
LogPluginManager: Mounting plugin KDevelopSourceCodeAccess
LogPluginManager: Mounting plugin NullSourceCodeAccess
LogPluginManager: Mounting plugin PerforceSourceControl
LogPluginManager: Mounting plugin SubversionSourceControl
LogPluginManager: Mounting plugin UObjectPlugin
LogPluginManager: Mounting plugin VisualStudioCodeSourceCodeAccess
LogPluginManager: Mounting plugin VisualStudioSourceCodeAccess
LogPluginManager: Mounting plugin XCodeSourceCodeAccess
LogPluginManager: Mounting plugin AssetManagerEditor
LogPluginManager: Mounting plugin CryptoKeys
LogPluginManager: Mounting plugin DataValidation
LogPluginManager: Mounting plugin FacialAnimation
LogPluginManager: Mounting plugin GameplayTagsEditor
LogPluginManager: Mounting plugin MacGraphicsSwitching
LogPluginManager: Mounting plugin MaterialAnalyzer
LogPluginManager: Mounting plugin MobileLauncherProfileWizard
LogPluginManager: Mounting plugin PluginBrowser
LogPluginManager: Mounting plugin SpeedTreeImporter
LogPluginManager: Mounting plugin DatasmithContent
LogPluginManager: Mounting plugin VariantManagerContent
LogPluginManager: Mounting plugin AlembicImporter
LogPluginManager: Mounting plugin AppleImageUtils
LogPluginManager: Mounting plugin AppleVision
LogPluginManager: Mounting plugin BackChannel
LogPluginManager: Mounting plugin CharacterAI
LogPluginManager: Mounting plugin GeometryCache
LogPluginManager: Mounting plugin HTML5Networking
LogPluginManager: Mounting plugin ProxyLODPlugin
LogPluginManager: Mounting plugin SkeletalReduction
LogPluginManager: Mounting plugin MagicLeap
LogPluginManager: Mounting plugin MagicLeapMedia
LogPluginManager: Mounting plugin AndroidMedia
LogPluginManager: Mounting plugin AvfMedia
LogPluginManager: Mounting plugin ImgMedia
LogPluginManager: Mounting plugin LinearTimecode
LogPluginManager: Mounting plugin MediaCompositing
LogPluginManager: Mounting plugin MediaPlayerEditor
LogPluginManager: Mounting plugin WebMMedia
LogPluginManager: Mounting plugin WmfMedia
LogPluginManager: Mounting plugin TcpMessaging
LogPluginManager: Mounting plugin UdpMessaging
LogPluginManager: Mounting plugin ActorSequence
LogPluginManager: Mounting plugin LevelSequenceEditor
LogPluginManager: Mounting plugin MatineeToLevelSequence
LogPluginManager: Mounting plugin NetcodeUnitTest
LogPluginManager: Mounting plugin NUTUnrealEngine4
LogPluginManager: Mounting plugin OnlineSubsystemGooglePlay
LogPluginManager: Mounting plugin OnlineSubsystemIOS
LogPluginManager: Mounting plugin OnlineSubsystem
LogPluginManager: Mounting plugin OnlineSubsystemNull
LogPluginManager: Mounting plugin OnlineSubsystemUtils
LogPluginManager: Mounting plugin LauncherChunkInstaller
LogPluginManager: Mounting plugin AndroidDeviceProfileSelector
LogPluginManager: Mounting plugin AndroidMoviePlayer
LogPluginManager: Mounting plugin AndroidPermission
LogPluginManager: Mounting plugin AppleMoviePlayer
LogPluginManager: Mounting plugin ArchVisCharacter
LogPluginManager: Mounting plugin AudioCapture
LogPluginManager: Mounting plugin CableComponent
LogPluginManager: Mounting plugin CustomMeshComponent
LogPluginManager: Mounting plugin EditableMesh
LogPluginManager: Mounting plugin ExampleDeviceProfileSelector
LogPluginManager: Mounting plugin Firebase
LogPluginManager: Mounting plugin GoogleCloudMessaging
LogPluginManager: Mounting plugin IOSDeviceProfileSelector
LogPluginManager: Mounting plugin LinuxDeviceProfileSelector
LogPluginManager: Mounting plugin LocationServicesBPLibrary
LogPluginManager: Mounting plugin MobilePatchingUtils
LogPluginManager: Mounting plugin OculusVR
LogPluginManager: Mounting plugin PhysXVehicles
LogPluginManager: Mounting plugin ProceduralMeshComponent
LogPluginManager: Mounting plugin RuntimePhysXCooking
LogPluginManager: Mounting plugin SignificanceManager
LogPluginManager: Mounting plugin SteamVR
LogPluginManager: Mounting plugin WebMMoviePlayer
LogPluginManager: Mounting plugin WindowsMoviePlayer
LogInit: Using libcurl 7.55.1-DEV
LogInit:  - built for x86_64-pc-win32
LogInit:  - supports SSL with OpenSSL/1.1.1
LogInit:  - supports HTTP deflate (compression) using libz 1.2.8
LogInit:  - other features:
LogInit:      CURL_VERSION_SSL
LogInit:      CURL_VERSION_LIBZ
LogInit:      CURL_VERSION_IPV6
LogInit:      CURL_VERSION_ASYNCHDNS
LogInit:      CURL_VERSION_LARGEFILE
LogInit:      CURL_VERSION_IDN
LogInit:  CurlRequestOptions (configurable via config and command line):
LogInit:  - bVerifyPeer = true  - Libcurl will verify peer certificate
LogInit:  - bUseHttpProxy = false  - Libcurl will NOT use HTTP proxy
LogInit:  - bDontReuseConnections = false  - Libcurl will reuse connections
LogInit:  - MaxHostConnections = 16  - Libcurl will limit the number of connections to a host
LogInit:  - LocalHostAddr = Default
LogInit:  - BufferSize = 65536
LogInit: WinSock: version 1.1 (2.2), MaxSocks=32767, MaxUdp=65467
LogInit: Build: ++UE4+Release-4.22-CL-7053642
LogInit: Engine Version: 4.22.3-7053642+++UE4+Release-4.22
LogInit: Compatible Engine Version: 4.22.0-5660361+++UE4+Release-4.22
LogInit: Net CL: 5660361
LogInit: OS: Windows 10 (Release 1803) (), CPU: AMD A8-7410 APU with AMD Radeon R5 Graphics    , GPU: AMD Radeon(TM) R5 Graphics
LogInit: Compiled (64-bit): Jun 18 2019 03:09:11
LogInit: Compiled with Visual C++: 19.16.27025.01
LogInit: Build Configuration: Development
LogInit: Branch Name: ++UE4+Release-4.22
LogInit: Command Line: 
LogInit: Base Directory: C:/Program Files/Epic Games/UE_4.22/Engine/Binaries/Win64/
LogInit: Installed Engine Build: 1
LogDevObjectVersion: Number of dev versions registered: 23
LogDevObjectVersion:   Dev-Blueprints (B0D832E4-1F89-4F0D-ACCF-7EB736FD4AA2): 10
LogDevObjectVersion:   Dev-Build (E1C64328-A22C-4D53-A36C-8E866417BD8C): 0
LogDevObjectVersion:   Dev-Core (375EC13C-06E4-48FB-B500-84F0262A717E): 3
LogDevObjectVersion:   Dev-Editor (E4B068ED-F494-42E9-A231-DA0B2E46BB41): 30
LogDevObjectVersion:   Dev-Framework (CFFC743F-43B0-4480-9391-14DF171D2073): 35
LogDevObjectVersion:   Dev-Mobile (B02B49B5-BB20-44E9-A304-32B752E40360): 2
LogDevObjectVersion:   Dev-Networking (A4E4105C-59A1-49B5-A7C5-40C4547EDFEE): 0
LogDevObjectVersion:   Dev-Online (39C831C9-5AE6-47DC-9A44-9C173E1C8E7C): 0
LogDevObjectVersion:   Dev-Physics (78F01B33-EBEA-4F98-B9B4-84EACCB95AA2): 0
LogDevObjectVersion:   Dev-Platform (6631380F-2D4D-43E0-8009-CF276956A95A): 0
LogDevObjectVersion:   Dev-Rendering (12F88B9F-8875-4AFC-A67C-D90C383ABD29): 28
LogDevObjectVersion:   Dev-Sequencer (7B5AE74C-D270-4C10-A958-57980B212A5A): 11
LogDevObjectVersion:   Dev-VR (D7296918-1DD6-4BDD-9DE2-64A83CC13884): 2
LogDevObjectVersion:   Dev-LoadTimes (C2A15278-BFE7-4AFE-6C17-90FF531DF755): 1
LogDevObjectVersion:   Private-Geometry (6EACA3D4-40EC-4CC1-B786-8BED09428FC5): 3
LogDevObjectVersion:   Dev-AnimPhys (29E575DD-E0A3-4627-9D10-D276232CDCEA): 17
LogDevObjectVersion:   Dev-Anim (AF43A65D-7FD3-4947-9873-3E8ED9C1BB05): 2
LogDevObjectVersion:   Dev-ReflectionCapture (6B266CEC-1EC7-4B8F-A30B-E4D90942FC07): 1
LogDevObjectVersion:   Dev-Automation (0DF73D61-A23F-47EA-B727-89E90C41499A): 1
LogDevObjectVersion:   FortniteMain (601D1886-AC64-4F84-AA16-D3DE0DEAC7D6): 25
LogDevObjectVersion:   Dev-Enterprise (9DFFBCD6-494F-0158-E221-12823C92A888): 6
LogDevObjectVersion:   Dev-Niagara (F2AED0AC-9AFE-416F-8664-AA7FFA26D6FC): 1
LogDevObjectVersion:   Dev-Destruction (174F1F0B-B4C6-45A5-B13F-2EE8D0FB917D): 2
LogInit: Presizing for max 16777216 objects, including 0 objects not considered by GC, pre-allocating 0 bytes for permanent pool.
LogInit: Object subsystem initialized
LogConfig: Setting CVar [[con.DebugEarlyDefault:1]]
LogConfig: Setting CVar [[r.setres:1280x720]]
[2019.11.07-05.08.07:916][  0]LogConfig: Setting CVar [[r.VSync:0]]
[2019.11.07-05.08.07:916][  0]LogConfig: Setting CVar [[r.RHICmdBypass:0]]
[2019.11.07-05.08.07:916][  0]LogConfig: Applying CVar settings from Section [/Script/Engine.RendererSettings] File [C:/Users/LJ/Desktop/MM/Saved/Config/Windows/Engine.ini]
[2019.11.07-05.08.07:916][  0]LogConfig: Setting CVar [[r.GPUCrashDebugging:0]]
[2019.11.07-05.08.07:916][  0]LogConfig: Setting CVar [[r.DefaultFeature.AntiAliasing:1]]
[2019.11.07-05.08.07:916][  0]LogConfig: Applying CVar settings from Section [/Script/Engine.RendererOverrideSettings] File [C:/Users/LJ/Desktop/MM/Saved/Config/Windows/Engine.ini]
[2019.11.07-05.08.07:916][  0]LogConfig: Applying CVar settings from Section [/Script/Engine.StreamingSettings] File [C:/Users/LJ/Desktop/MM/Saved/Config/Windows/Engine.ini]
[2019.11.07-05.08.07:916][  0]LogConfig: Setting CVar [[s.MinBulkDataSizeForAsyncLoading:131072]]
[2019.11.07-05.08.07:916][  0]LogConfig: Setting CVar [[s.AsyncLoadingThreadEnabled:0]]
[2019.11.07-05.08.07:916][  0]LogConfig: Setting CVar [[s.EventDrivenLoaderEnabled:1]]
[2019.11.07-05.08.07:916][  0]LogConfig: Setting CVar [[s.WarnIfTimeLimitExceeded:0]]
[2019.11.07-05.08.07:916][  0]LogConfig: Setting CVar [[s.TimeLimitExceededMultiplier:1.5]]
[2019.11.07-05.08.07:916][  0]LogConfig: Setting CVar [[s.TimeLimitExceededMinTime:0.005]]
[2019.11.07-05.08.07:916][  0]LogConfig: Setting CVar [[s.UseBackgroundLevelStreaming:1]]
[2019.11.07-05.08.07:916][  0]LogConfig: Setting CVar [[s.PriorityAsyncLoadingExtraTime:15.0]]
[2019.11.07-05.08.07:917][  0]LogConfig: Setting CVar [[s.LevelStreamingActorsUpdateTimeLimit:5.0]]
[2019.11.07-05.08.07:917][  0]LogConfig: Setting CVar [[s.PriorityLevelStreamingActorsUpdateExtraTime:5.0]]
[2019.11.07-05.08.07:917][  0]LogConfig: Setting CVar [[s.LevelStreamingComponentsRegistrationGranularity:10]]
[2019.11.07-05.08.07:917][  0]LogConfig: Setting CVar [[s.UnregisterComponentsTimeLimit:1.0]]
[2019.11.07-05.08.07:917][  0]LogConfig: Setting CVar [[s.LevelStreamingComponentsUnregistrationGranularity:5]]
[2019.11.07-05.08.07:917][  0]LogConfig: Applying CVar settings from Section [/Script/Engine.GarbageCollectionSettings] File [C:/Users/LJ/Desktop/MM/Saved/Config/Windows/Engine.ini]
[2019.11.07-05.08.07:917][  0]LogConfig: Setting CVar [[gc.MaxObjectsNotConsideredByGC:1]]
[2019.11.07-05.08.07:917][  0]LogConfig: Setting CVar [[gc.SizeOfPermanentObjectPool:0]]
[2019.11.07-05.08.07:917][  0]LogConfig: Setting CVar [[gc.FlushStreamingOnGC:0]]
[2019.11.07-05.08.07:917][  0]LogConfig: Setting CVar [[gc.NumRetriesBeforeForcingGC:10]]
[2019.11.07-05.08.07:917][  0]LogConfig: Setting CVar [[gc.AllowParallelGC:1]]
[2019.11.07-05.08.07:917][  0]LogConfig: Setting CVar [[gc.TimeBetweenPurgingPendingKillObjects:61.1]]
[2019.11.07-05.08.07:917][  0]LogConfig: Setting CVar [[gc.MaxObjectsInEditor:16777216]]
[2019.11.07-05.08.07:917][  0]LogConfig: Setting CVar [[gc.IncrementalBeginDestroyEnabled:1]]
[2019.11.07-05.08.07:917][  0]LogConfig: Setting CVar [[gc.CreateGCClusters:1]]
[2019.11.07-05.08.07:917][  0]LogConfig: Setting CVar [[gc.MinGCClusterSize:5]]
[2019.11.07-05.08.07:917][  0]LogConfig: Setting CVar [[gc.ActorClusteringEnabled:0]]
[2019.11.07-05.08.07:917][  0]LogConfig: Setting CVar [[gc.BlueprintClusteringEnabled:0]]
[2019.11.07-05.08.07:917][  0]LogConfig: Setting CVar [[gc.UseDisregardForGCOnDedicatedServers:0]]
[2019.11.07-05.08.07:917][  0]LogConfig: Applying CVar settings from Section [/Script/Engine.NetworkSettings] File [C:/Users/LJ/Desktop/MM/Saved/Config/Windows/Engine.ini]
[2019.11.07-05.08.07:917][  0]LogConfig: Applying CVar settings from Section [/Script/UnrealEd.CookerSettings] File [C:/Users/LJ/Desktop/MM/Saved/Config/Windows/Engine.ini]
[2019.11.07-05.08.07:925][  0]LogConfig: Applying CVar settings from Section [ViewDistanceQuality@3] File [C:/Users/LJ/Desktop/MM/Saved/Config/Windows/Scalability.ini]
[2019.11.07-05.08.07:925][  0]LogConfig: Setting CVar [[r.SkeletalMeshLODBias:0]]
[2019.11.07-05.08.07:925][  0]LogConfig: Setting CVar [[r.ViewDistanceScale:1.0]]
[2019.11.07-05.08.07:925][  0]LogConfig: Applying CVar settings from Section [AntiAliasingQuality@3] File [C:/Users/LJ/Desktop/MM/Saved/Config/Windows/Scalability.ini]
[2019.11.07-05.08.07:926][  0]LogConfig: Setting CVar [[r.PostProcessAAQuality:4]]
[2019.11.07-05.08.07:926][  0]LogConfig: Applying CVar settings from Section [ShadowQuality@3] File [C:/Users/LJ/Desktop/MM/Saved/Config/Windows/Scalability.ini]
[2019.11.07-05.08.07:926][  0]LogConfig: Setting CVar [[r.LightFunctionQuality:1]]
[2019.11.07-05.08.07:926][  0]LogConfig: Setting CVar [[r.ShadowQuality:5]]
[2019.11.07-05.08.07:926][  0]LogConfig: Setting CVar [[r.Shadow.CSM.MaxCascades:10]]
[2019.11.07-05.08.07:926][  0]LogConfig: Setting CVar [[r.Shadow.MaxResolution:2048]]
[2019.11.07-05.08.07:926][  0]LogConfig: Setting CVar [[r.Shadow.MaxCSMResolution:2048]]
[2019.11.07-05.08.07:926][  0]LogConfig: Setting CVar [[r.Shadow.RadiusThreshold:0.01]]
[2019.11.07-05.08.07:926][  0]LogConfig: Setting CVar [[r.Shadow.DistanceScale:1.0]]
[2019.11.07-05.08.07:926][  0]LogConfig: Setting CVar [[r.Shadow.CSM.TransitionScale:1.0]]
[2019.11.07-05.08.07:926][  0]LogConfig: Setting CVar [[r.Shadow.PreShadowResolutionFactor:1.0]]
[2019.11.07-05.08.07:926][  0]LogConfig: Setting CVar [[r.DistanceFieldShadowing:1]]
[2019.11.07-05.08.07:926][  0]LogConfig: Setting CVar [[r.DistanceFieldAO:1]]
[2019.11.07-05.08.07:926][  0]LogConfig: Setting CVar [[r.AOQuality:2]]
[2019.11.07-05.08.07:926][  0]LogConfig: Setting CVar [[r.VolumetricFog:1]]
[2019.11.07-05.08.07:926][  0]LogConfig: Setting CVar [[r.VolumetricFog.GridPixelSize:8]]
[2019.11.07-05.08.07:926][  0]LogConfig: Setting CVar [[r.VolumetricFog.GridSizeZ:128]]
[2019.11.07-05.08.07:926][  0]LogConfig: Setting CVar [[r.VolumetricFog.HistoryMissSupersampleCount:4]]
[2019.11.07-05.08.07:926][  0]LogConfig: Setting CVar [[r.LightMaxDrawDistanceScale:1]]
[2019.11.07-05.08.07:926][  0]LogConfig: Setting CVar [[r.CapsuleShadows:1]]
[2019.11.07-05.08.07:926][  0]LogConfig: Applying CVar settings from Section [PostProcessQuality@3] File [C:/Users/LJ/Desktop/MM/Saved/Config/Windows/Scalability.ini]
[2019.11.07-05.08.07:926][  0]LogConfig: Setting CVar [[r.MotionBlurQuality:4]]
[2019.11.07-05.08.07:926][  0]LogConfig: Setting CVar [[r.AmbientOcclusionMipLevelFactor:0.4]]
[2019.11.07-05.08.07:927][  0]LogConfig: Setting CVar [[r.AmbientOcclusionMaxQuality:100]]
[2019.11.07-05.08.07:927][  0]LogConfig: Setting CVar [[r.AmbientOcclusionLevels:-1]]
[2019.11.07-05.08.07:927][  0]LogConfig: Setting CVar [[r.AmbientOcclusionRadiusScale:1.0]]
[2019.11.07-05.08.07:927][  0]LogConfig: Setting CVar [[r.DepthOfFieldQuality:2]]
[2019.11.07-05.08.07:927][  0]LogConfig: Setting CVar [[r.RenderTargetPoolMin:400]]
[2019.11.07-05.08.07:927][  0]LogConfig: Setting CVar [[r.LensFlareQuality:2]]
[2019.11.07-05.08.07:927][  0]LogConfig: Setting CVar [[r.SceneColorFringeQuality:1]]
[2019.11.07-05.08.07:927][  0]LogConfig: Setting CVar [[r.EyeAdaptationQuality:2]]
[2019.11.07-05.08.07:927][  0]LogConfig: Setting CVar [[r.BloomQuality:5]]
[2019.11.07-05.08.07:927][  0]LogConfig: Setting CVar [[r.FastBlurThreshold:100]]
[2019.11.07-05.08.07:927][  0]LogConfig: Setting CVar [[r.Upscale.Quality:3]]
[2019.11.07-05.08.07:927][  0]LogConfig: Setting CVar [[r.Tonemapper.GrainQuantization:1]]
[2019.11.07-05.08.07:927][  0]LogConfig: Setting CVar [[r.LightShaftQuality:1]]
[2019.11.07-05.08.07:927][  0]LogConfig: Setting CVar [[r.Filter.SizeScale:1]]
[2019.11.07-05.08.07:927][  0]LogConfig: Setting CVar [[r.Tonemapper.Quality:5]]
[2019.11.07-05.08.07:927][  0]LogConfig: Setting CVar [[r.DOF.Gather.AccumulatorQuality:1        ; higher gathering accumulator quality]]
[2019.11.07-05.08.07:927][  0]LogConfig: Setting CVar [[r.DOF.Gather.PostfilterMethod:1          ; Median3x3 postfilering method]]
[2019.11.07-05.08.07:927][  0]LogConfig: Setting CVar [[r.DOF.Gather.EnableBokehSettings:0       ; no bokeh simulation when gathering]]
[2019.11.07-05.08.07:927][  0]LogConfig: Setting CVar [[r.DOF.Gather.RingCount:4                 ; medium number of samples when gathering]]
[2019.11.07-05.08.07:927][  0]LogConfig: Setting CVar [[r.DOF.Scatter.ForegroundCompositing:1    ; additive foreground scattering]]
[2019.11.07-05.08.07:927][  0]LogConfig: Setting CVar [[r.DOF.Scatter.BackgroundCompositing:2    ; additive background scattering]]
[2019.11.07-05.08.07:927][  0]LogConfig: Setting CVar [[r.DOF.Scatter.EnableBokehSettings:1      ; bokeh simulation when scattering]]
[2019.11.07-05.08.07:927][  0]LogConfig: Setting CVar [[r.DOF.Scatter.MaxSpriteRatio:0.1         ; only a maximum of 10% of scattered bokeh]]
[2019.11.07-05.08.07:927][  0]LogConfig: Setting CVar [[r.DOF.Recombine.Quality:1                ; cheap slight out of focus]]
[2019.11.07-05.08.07:927][  0]LogConfig: Setting CVar [[r.DOF.Recombine.EnableBokehSettings:0    ; no bokeh simulation on slight out of focus]]
[2019.11.07-05.08.07:927][  0]LogConfig: Setting CVar [[r.DOF.TemporalAAQuality:1                ; more stable temporal accumulation]]
[2019.11.07-05.08.07:928][  0]LogConfig: Setting CVar [[r.DOF.Kernel.MaxForegroundRadius:0.025]]
[2019.11.07-05.08.07:928][  0]LogConfig: Setting CVar [[r.DOF.Kernel.MaxBackgroundRadius:0.025]]
[2019.11.07-05.08.07:928][  0]LogConfig: Applying CVar settings from Section [TextureQuality@3] File [C:/Users/LJ/Desktop/MM/Saved/Config/Windows/Scalability.ini]
[2019.11.07-05.08.07:928][  0]LogConfig: Setting CVar [[r.Streaming.MipBias:0]]
[2019.11.07-05.08.07:928][  0]LogConfig: Setting CVar [[r.Streaming.AmortizeCPUToGPUCopy:0]]
[2019.11.07-05.08.07:928][  0]LogConfig: Setting CVar [[r.Streaming.MaxNumTexturesToStreamPerFrame:0]]
[2019.11.07-05.08.07:928][  0]LogConfig: Setting CVar [[r.Streaming.Boost:1]]
[2019.11.07-05.08.07:928][  0]LogConfig: Setting CVar [[r.MaxAnisotropy:8]]
[2019.11.07-05.08.07:928][  0]LogConfig: Setting CVar [[r.Streaming.LimitPoolSizeToVRAM:0]]
[2019.11.07-05.08.07:928][  0]LogConfig: Setting CVar [[r.Streaming.PoolSize:1000]]
[2019.11.07-05.08.07:928][  0]LogConfig: Setting CVar [[r.Streaming.MaxEffectiveScreenSize:0]]
[2019.11.07-05.08.07:928][  0]LogConfig: Applying CVar settings from Section [EffectsQuality@3] File [C:/Users/LJ/Desktop/MM/Saved/Config/Windows/Scalability.ini]
[2019.11.07-05.08.07:928][  0]LogConfig: Setting CVar [[r.TranslucencyLightingVolumeDim:64]]
[2019.11.07-05.08.07:928][  0]LogConfig: Setting CVar [[r.RefractionQuality:2]]
[2019.11.07-05.08.07:928][  0]LogConfig: Setting CVar [[r.SSR.Quality:3]]
[2019.11.07-05.08.07:928][  0]LogConfig: Setting CVar [[r.SceneColorFormat:4]]
[2019.11.07-05.08.07:928][  0]LogConfig: Setting CVar [[r.DetailMode:2]]
[2019.11.07-05.08.07:928][  0]LogConfig: Setting CVar [[r.TranslucencyVolumeBlur:1]]
[2019.11.07-05.08.07:928][  0]LogConfig: Setting CVar [[r.MaterialQualityLevel:1 ; High quality]]
[2019.11.07-05.08.07:928][  0]LogConfig: Setting CVar [[r.SSS.Scale:1]]
[2019.11.07-05.08.07:928][  0]LogConfig: Setting CVar [[r.SSS.SampleSet:2]]
[2019.11.07-05.08.07:928][  0]LogConfig: Setting CVar [[r.SSS.Quality:1]]
[2019.11.07-05.08.07:928][  0]LogConfig: Setting CVar [[r.SSS.HalfRes:1]]
[2019.11.07-05.08.07:928][  0]LogConfig: Setting CVar [[r.EmitterSpawnRateScale:1.0]]
[2019.11.07-05.08.07:928][  0]LogConfig: Setting CVar [[r.ParticleLightQuality:2]]
[2019.11.07-05.08.07:928][  0]LogConfig: Applying CVar settings from Section [FoliageQuality@3] File [C:/Users/LJ/Desktop/MM/Saved/Config/Windows/Scalability.ini]
[2019.11.07-05.08.07:928][  0]LogConfig: Setting CVar [[foliage.DensityScale:1.0]]
[2019.11.07-05.08.07:929][  0]LogConfig: Setting CVar [[grass.DensityScale:1.0]]
[2019.11.07-05.08.07:929][  0]LogInit: Selected Device Profile: [Windows]
[2019.11.07-05.08.07:929][  0]LogInit: Applying CVar settings loaded from the selected device profile: [Windows]
[2019.11.07-05.08.08:008][  0]LogHAL: Display: Platform has ~ 7 GB [7418257408 / 8589934592 / 7], which maps to Smaller [LargestMinGB=32, LargerMinGB=12, DefaultMinGB=8, SmallerMinGB=6, SmallestMinGB=0)
[2019.11.07-05.08.08:008][  0]LogConfig: Setting CVar [[r.Vulkan.UseRealUBs:0		; Required until we fix HLR fall-out]]
[2019.11.07-05.08.08:008][  0]LogInit: Going up to parent DeviceProfile []
[2019.11.07-05.08.08:008][  0]LogConfig: Applying CVar settings from Section [ViewDistanceQuality@3] File [C:/Users/LJ/Desktop/MM/Saved/Config/Windows/Scalability.ini]
[2019.11.07-05.08.08:008][  0]LogConfig: Setting CVar [[r.SkeletalMeshLODBias:0]]
[2019.11.07-05.08.08:008][  0]LogConfig: Setting CVar [[r.ViewDistanceScale:1.0]]
[2019.11.07-05.08.08:008][  0]LogConfig: Applying CVar settings from Section [AntiAliasingQuality@3] File [C:/Users/LJ/Desktop/MM/Saved/Config/Windows/Scalability.ini]
[2019.11.07-05.08.08:008][  0]LogConfig: Setting CVar [[r.PostProcessAAQuality:4]]
[2019.11.07-05.08.08:008][  0]LogConfig: Applying CVar settings from Section [ShadowQuality@3] File [C:/Users/LJ/Desktop/MM/Saved/Config/Windows/Scalability.ini]
[2019.11.07-05.08.08:008][  0]LogConfig: Setting CVar [[r.LightFunctionQuality:1]]
[2019.11.07-05.08.08:008][  0]LogConfig: Setting CVar [[r.ShadowQuality:5]]
[2019.11.07-05.08.08:008][  0]LogConfig: Setting CVar [[r.Shadow.CSM.MaxCascades:10]]
[2019.11.07-05.08.08:008][  0]LogConfig: Setting CVar [[r.Shadow.MaxResolution:2048]]
[2019.11.07-05.08.08:009][  0]LogConfig: Setting CVar [[r.Shadow.MaxCSMResolution:2048]]
[2019.11.07-05.08.08:009][  0]LogConfig: Setting CVar [[r.Shadow.RadiusThreshold:0.01]]
[2019.11.07-05.08.08:009][  0]LogConfig: Setting CVar [[r.Shadow.DistanceScale:1.0]]
[2019.11.07-05.08.08:009][  0]LogConfig: Setting CVar [[r.Shadow.CSM.TransitionScale:1.0]]
[2019.11.07-05.08.08:009][  0]LogConfig: Setting CVar [[r.Shadow.PreShadowResolutionFactor:1.0]]
[2019.11.07-05.08.08:009][  0]LogConfig: Setting CVar [[r.DistanceFieldShadowing:1]]
[2019.11.07-05.08.08:009][  0]LogConfig: Setting CVar [[r.DistanceFieldAO:1]]
[2019.11.07-05.08.08:009][  0]LogConfig: Setting CVar [[r.AOQuality:2]]
[2019.11.07-05.08.08:009][  0]LogConfig: Setting CVar [[r.VolumetricFog:1]]
[2019.11.07-05.08.08:009][  0]LogConfig: Setting CVar [[r.VolumetricFog.GridPixelSize:8]]
[2019.11.07-05.08.08:009][  0]LogConfig: Setting CVar [[r.VolumetricFog.GridSizeZ:128]]
[2019.11.07-05.08.08:009][  0]LogConfig: Setting CVar [[r.VolumetricFog.HistoryMissSupersampleCount:4]]
[2019.11.07-05.08.08:009][  0]LogConfig: Setting CVar [[r.LightMaxDrawDistanceScale:1]]
[2019.11.07-05.08.08:009][  0]LogConfig: Setting CVar [[r.CapsuleShadows:1]]
[2019.11.07-05.08.08:009][  0]LogConfig: Applying CVar settings from Section [PostProcessQuality@3] File [C:/Users/LJ/Desktop/MM/Saved/Config/Windows/Scalability.ini]
[2019.11.07-05.08.08:009][  0]LogConfig: Setting CVar [[r.MotionBlurQuality:4]]
[2019.11.07-05.08.08:009][  0]LogConfig: Setting CVar [[r.AmbientOcclusionMipLevelFactor:0.4]]
[2019.11.07-05.08.08:009][  0]LogConfig: Setting CVar [[r.AmbientOcclusionMaxQuality:100]]
[2019.11.07-05.08.08:009][  0]LogConfig: Setting CVar [[r.AmbientOcclusionLevels:-1]]
[2019.11.07-05.08.08:009][  0]LogConfig: Setting CVar [[r.AmbientOcclusionRadiusScale:1.0]]
[2019.11.07-05.08.08:009][  0]LogConfig: Setting CVar [[r.DepthOfFieldQuality:2]]
[2019.11.07-05.08.08:009][  0]LogConfig: Setting CVar [[r.RenderTargetPoolMin:400]]
[2019.11.07-05.08.08:009][  0]LogConfig: Setting CVar [[r.LensFlareQuality:2]]
[2019.11.07-05.08.08:009][  0]LogConfig: Setting CVar [[r.SceneColorFringeQuality:1]]
[2019.11.07-05.08.08:009][  0]LogConfig: Setting CVar [[r.EyeAdaptationQuality:2]]
[2019.11.07-05.08.08:009][  0]LogConfig: Setting CVar [[r.BloomQuality:5]]
[2019.11.07-05.08.08:010][  0]LogConfig: Setting CVar [[r.FastBlurThreshold:100]]
[2019.11.07-05.08.08:010][  0]LogConfig: Setting CVar [[r.Upscale.Quality:3]]
[2019.11.07-05.08.08:010][  0]LogConfig: Setting CVar [[r.Tonemapper.GrainQuantization:1]]
[2019.11.07-05.08.08:010][  0]LogConfig: Setting CVar [[r.LightShaftQuality:1]]
[2019.11.07-05.08.08:010][  0]LogConfig: Setting CVar [[r.Filter.SizeScale:1]]
[2019.11.07-05.08.08:010][  0]LogConfig: Setting CVar [[r.Tonemapper.Quality:5]]
[2019.11.07-05.08.08:010][  0]LogConfig: Setting CVar [[r.DOF.Gather.AccumulatorQuality:1        ; higher gathering accumulator quality]]
[2019.11.07-05.08.08:010][  0]LogConfig: Setting CVar [[r.DOF.Gather.PostfilterMethod:1          ; Median3x3 postfilering method]]
[2019.11.07-05.08.08:010][  0]LogConfig: Setting CVar [[r.DOF.Gather.EnableBokehSettings:0       ; no bokeh simulation when gathering]]
[2019.11.07-05.08.08:010][  0]LogConfig: Setting CVar [[r.DOF.Gather.RingCount:4                 ; medium number of samples when gathering]]
[2019.11.07-05.08.08:010][  0]LogConfig: Setting CVar [[r.DOF.Scatter.ForegroundCompositing:1    ; additive foreground scattering]]
[2019.11.07-05.08.08:010][  0]LogConfig: Setting CVar [[r.DOF.Scatter.BackgroundCompositing:2    ; additive background scattering]]
[2019.11.07-05.08.08:010][  0]LogConfig: Setting CVar [[r.DOF.Scatter.EnableBokehSettings:1      ; bokeh simulation when scattering]]
[2019.11.07-05.08.08:010][  0]LogConfig: Setting CVar [[r.DOF.Scatter.MaxSpriteRatio:0.1         ; only a maximum of 10% of scattered bokeh]]
[2019.11.07-05.08.08:010][  0]LogConfig: Setting CVar [[r.DOF.Recombine.Quality:1                ; cheap slight out of focus]]
[2019.11.07-05.08.08:010][  0]LogConfig: Setting CVar [[r.DOF.Recombine.EnableBokehSettings:0    ; no bokeh simulation on slight out of focus]]
[2019.11.07-05.08.08:010][  0]LogConfig: Setting CVar [[r.DOF.TemporalAAQuality:1                ; more stable temporal accumulation]]
[2019.11.07-05.08.08:010][  0]LogConfig: Setting CVar [[r.DOF.Kernel.MaxForegroundRadius:0.025]]
[2019.11.07-05.08.08:010][  0]LogConfig: Setting CVar [[r.DOF.Kernel.MaxBackgroundRadius:0.025]]
[2019.11.07-05.08.08:010][  0]LogConfig: Applying CVar settings from Section [TextureQuality@3] File [C:/Users/LJ/Desktop/MM/Saved/Config/Windows/Scalability.ini]
[2019.11.07-05.08.08:010][  0]LogConfig: Setting CVar [[r.Streaming.MipBias:0]]
[2019.11.07-05.08.08:010][  0]LogConfig: Setting CVar [[r.Streaming.AmortizeCPUToGPUCopy:0]]
[2019.11.07-05.08.08:010][  0]LogConfig: Setting CVar [[r.Streaming.MaxNumTexturesToStreamPerFrame:0]]
[2019.11.07-05.08.08:010][  0]LogConfig: Setting CVar [[r.Streaming.Boost:1]]
[2019.11.07-05.08.08:010][  0]LogConfig: Setting CVar [[r.MaxAnisotropy:8]]
[2019.11.07-05.08.08:010][  0]LogConfig: Setting CVar [[r.Streaming.LimitPoolSizeToVRAM:0]]
[2019.11.07-05.08.08:010][  0]LogConfig: Setting CVar [[r.Streaming.PoolSize:1000]]
[2019.11.07-05.08.08:011][  0]LogConfig: Setting CVar [[r.Streaming.MaxEffectiveScreenSize:0]]
[2019.11.07-05.08.08:011][  0]LogConfig: Applying CVar settings from Section [EffectsQuality@3] File [C:/Users/LJ/Desktop/MM/Saved/Config/Windows/Scalability.ini]
[2019.11.07-05.08.08:011][  0]LogConfig: Setting CVar [[r.TranslucencyLightingVolumeDim:64]]
[2019.11.07-05.08.08:011][  0]LogConfig: Setting CVar [[r.RefractionQuality:2]]
[2019.11.07-05.08.08:011][  0]LogConfig: Setting CVar [[r.SSR.Quality:3]]
[2019.11.07-05.08.08:011][  0]LogConfig: Setting CVar [[r.SceneColorFormat:4]]
[2019.11.07-05.08.08:011][  0]LogConfig: Setting CVar [[r.DetailMode:2]]
[2019.11.07-05.08.08:011][  0]LogConfig: Setting CVar [[r.TranslucencyVolumeBlur:1]]
[2019.11.07-05.08.08:011][  0]LogConfig: Setting CVar [[r.MaterialQualityLevel:1 ; High quality]]
[2019.11.07-05.08.08:011][  0]LogConfig: Setting CVar [[r.SSS.Scale:1]]
[2019.11.07-05.08.08:011][  0]LogConfig: Setting CVar [[r.SSS.SampleSet:2]]
[2019.11.07-05.08.08:011][  0]LogConfig: Setting CVar [[r.SSS.Quality:1]]
[2019.11.07-05.08.08:011][  0]LogConfig: Setting CVar [[r.SSS.HalfRes:1]]
[2019.11.07-05.08.08:011][  0]LogConfig: Setting CVar [[r.EmitterSpawnRateScale:1.0]]
[2019.11.07-05.08.08:011][  0]LogConfig: Setting CVar [[r.ParticleLightQuality:2]]
[2019.11.07-05.08.08:011][  0]LogConfig: Applying CVar settings from Section [FoliageQuality@3] File [C:/Users/LJ/Desktop/MM/Saved/Config/Windows/Scalability.ini]
[2019.11.07-05.08.08:011][  0]LogConfig: Setting CVar [[foliage.DensityScale:1.0]]
[2019.11.07-05.08.08:011][  0]LogConfig: Setting CVar [[grass.DensityScale:1.0]]
[2019.11.07-05.08.08:011][  0]LogConfig: Applying CVar settings from Section [Startup] File [../../../Engine/Config/ConsoleVariables.ini]
[2019.11.07-05.08.08:031][  0]LogConfig: Setting CVar [[net.UseAdaptiveNetUpdateFrequency:0]]
[2019.11.07-05.08.08:031][  0]LogConfig: Setting CVar [[p.chaos.AllowCreatePhysxBodies:1]]
[2019.11.07-05.08.08:031][  0]LogConfig: Applying CVar settings from Section [ConsoleVariables] File [C:/Users/LJ/Desktop/MM/Saved/Config/Windows/Engine.ini]
[2019.11.07-05.08.08:031][  0]LogInit: Computer: LAPTOP-S01QG56D
[2019.11.07-05.08.08:031][  0]LogInit: User: LJ
[2019.11.07-05.08.08:032][  0]LogInit: CPU Page size=4096, Cores=4
[2019.11.07-05.08.08:032][  0]LogInit: High frequency timer resolution =2.144413 MHz
[2019.11.07-05.08.08:032][  0]LogMemory: Memory total: Physical=6.9GB (7GB approx)
[2019.11.07-05.08.08:032][  0]LogMemory: Platform Memory Stats for Windows
[2019.11.07-05.08.08:032][  0]LogMemory: Process Physical Memory: 95.99 MB used, 95.99 MB peak
[2019.11.07-05.08.08:032][  0]LogMemory: Process Virtual Memory: 83.86 MB used, 83.86 MB peak
[2019.11.07-05.08.08:032][  0]LogMemory: Physical Memory: 3574.02 MB used,  3500.59 MB free, 7074.60 MB total
[2019.11.07-05.08.08:032][  0]LogMemory: Virtual Memory: 4641.89 MB used,  134213088.00 MB free, 134217728.00 MB total
[2019.11.07-05.08.08:083][  0]LogInit: Using OS detected language (en-US).
[2019.11.07-05.08.08:083][  0]LogInit: Using OS detected locale (en-US).
[2019.11.07-05.08.08:085][  0]LogTextLocalizationManager: No specific localization for 'en-US' exists, so the 'en' localization will be used.
[2019.11.07-05.08.08:633][  0]LogInit: Setting process to per monitor DPI aware
[2019.11.07-05.08.08:876][  0]LogSlate: New Slate User Created.  User Index 0, Is Virtual User: 0
[2019.11.07-05.08.08:876][  0]LogSlate: Slate User Registered.  User Index 0, Is Virtual User: 0
[2019.11.07-05.08.16:711][  0]LogHMD: Failed to initialize OpenVR with code 110
[2019.11.07-05.08.16:711][  0]LogD3D11RHI: D3D11 adapters:
[2019.11.07-05.08.16:739][  0]LogD3D11RHI:    0. 'AMD Radeon(TM) R5 Graphics' (Feature Level 11_0)
[2019.11.07-05.08.16:739][  0]LogD3D11RHI:       1005/0/3537 MB DedicatedVideo/DedicatedSystem/SharedSystem, Outputs:2, VendorId:0x1002
[2019.11.07-05.08.16:744][  0]LogD3D11RHI:    1. 'Microsoft Basic Render Driver' (Feature Level 11_0)
[2019.11.07-05.08.16:745][  0]LogD3D11RHI:       0/0/3537 MB DedicatedVideo/DedicatedSystem/SharedSystem, Outputs:0, VendorId:0x1414
[2019.11.07-05.08.16:745][  0]LogD3D11RHI: Chosen D3D11 Adapter: 0
[2019.11.07-05.08.16:760][  0]LogD3D11RHI: Creating new Direct3DDevice
[2019.11.07-05.08.16:760][  0]LogD3D11RHI:     GPU DeviceId: 0x9851 (for the marketing name, search the web for "GPU Device Id")
[2019.11.07-05.08.16:760][  0]LogWindows: EnumDisplayDevices:
[2019.11.07-05.08.16:760][  0]LogWindows:    0. 'AMD Radeon(TM) R5 Graphics' (P:1 D:1)
[2019.11.07-05.08.16:761][  0]LogWindows:    1. 'AMD Radeon(TM) R5 Graphics' (P:0 D:1)
[2019.11.07-05.08.16:761][  0]LogWindows: DebugString: FoundDriverCount:2 
[2019.11.07-05.08.16:761][  0]LogD3D11RHI:     Adapter Name: AMD Radeon(TM) R5 Graphics
[2019.11.07-05.08.16:762][  0]LogD3D11RHI:   Driver Version: 15.201.1101.0 (internal:15.201.1101.0, unified:15.201.1101.0)
[2019.11.07-05.08.16:762][  0]LogD3D11RHI:      Driver Date: 8-6-2015
[2019.11.07-05.08.16:762][  0]LogRHI: Texture pool is 704 MB (70% of 1005 MB)
[2019.11.07-05.08.16:821][  0]LogD3D11RHI: Async texture creation enabled
[2019.11.07-05.08.16:835][  0]LogRendererCore: FGlobalReadBuffer::InitRHI
[2019.11.07-05.08.16:836][  0]LogRendererCore: FGlobalReadBuffer::InitRHI
[2019.11.07-05.08.16:836][  0]LogRendererCore: FGlobalReadBuffer::InitRHI
[2019.11.07-05.08.16:844][  0]LogD3D11RHI: GPU Timing Frequency: 100.000000 (Debug: 2 1)
[2019.11.07-05.08.17:614][  0]LogTemp: Display: Module 'AllDesktopTargetPlatform' loaded TargetPlatform 'AllDesktop'
[2019.11.07-05.08.17:656][  0]LogTemp: Display: Module 'MacClientTargetPlatform' loaded TargetPlatform 'MacClient'
[2019.11.07-05.08.17:698][  0]LogTemp: Display: Module 'MacNoEditorTargetPlatform' loaded TargetPlatform 'MacNoEditor'
[2019.11.07-05.08.17:740][  0]LogTemp: Display: Module 'MacServerTargetPlatform' loaded TargetPlatform 'MacServer'
[2019.11.07-05.08.17:816][  0]LogTemp: Display: Module 'MacTargetPlatform' loaded TargetPlatform 'Mac'
[2019.11.07-05.08.17:859][  0]LogTemp: Display: Module 'WindowsClientTargetPlatform' loaded TargetPlatform 'WindowsClient'
[2019.11.07-05.08.17:901][  0]LogTemp: Display: Module 'WindowsNoEditorTargetPlatform' loaded TargetPlatform 'WindowsNoEditor'
[2019.11.07-05.08.17:941][  0]LogTemp: Display: Module 'WindowsServerTargetPlatform' loaded TargetPlatform 'WindowsServer'
[2019.11.07-05.08.17:961][  0]LogTemp: Display: Module 'WindowsTargetPlatform' loaded TargetPlatform 'Windows'
[2019.11.07-05.08.18:240][  0]LogTemp: Display: Module 'AndroidTargetPlatform' loaded TargetPlatform 'Android'
[2019.11.07-05.08.18:240][  0]LogTemp: Display: Module 'AndroidTargetPlatform' loaded TargetPlatform 'Android_ASTC'
[2019.11.07-05.08.18:240][  0]LogTemp: Display: Module 'AndroidTargetPlatform' loaded TargetPlatform 'Android_ATC'
[2019.11.07-05.08.18:240][  0]LogTemp: Display: Module 'AndroidTargetPlatform' loaded TargetPlatform 'Android_DXT'
[2019.11.07-05.08.18:240][  0]LogTemp: Display: Module 'AndroidTargetPlatform' loaded TargetPlatform 'Android_ETC1'
[2019.11.07-05.08.18:240][  0]LogTemp: Display: Module 'AndroidTargetPlatform' loaded TargetPlatform 'Android_ETC1a'
[2019.11.07-05.08.18:240][  0]LogTemp: Display: Module 'AndroidTargetPlatform' loaded TargetPlatform 'Android_ETC2'
[2019.11.07-05.08.18:241][  0]LogTemp: Display: Module 'AndroidTargetPlatform' loaded TargetPlatform 'Android_PVRTC'
[2019.11.07-05.08.18:241][  0]LogTemp: Display: Module 'AndroidTargetPlatform' loaded TargetPlatform 'AndroidClient'
[2019.11.07-05.08.18:241][  0]LogTemp: Display: Module 'AndroidTargetPlatform' loaded TargetPlatform 'Android_ASTCClient'
[2019.11.07-05.08.18:241][  0]LogTemp: Display: Module 'AndroidTargetPlatform' loaded TargetPlatform 'Android_ATCClient'
[2019.11.07-05.08.18:241][  0]LogTemp: Display: Module 'AndroidTargetPlatform' loaded TargetPlatform 'Android_DXTClient'
[2019.11.07-05.08.18:241][  0]LogTemp: Display: Module 'AndroidTargetPlatform' loaded TargetPlatform 'Android_ETC1Client'
[2019.11.07-05.08.18:241][  0]LogTemp: Display: Module 'AndroidTargetPlatform' loaded TargetPlatform 'Android_ETC1aClient'
[2019.11.07-05.08.18:241][  0]LogTemp: Display: Module 'AndroidTargetPlatform' loaded TargetPlatform 'Android_ETC2Client'
[2019.11.07-05.08.18:241][  0]LogTemp: Display: Module 'AndroidTargetPlatform' loaded TargetPlatform 'Android_PVRTCClient'
[2019.11.07-05.08.18:241][  0]LogTemp: Display: Module 'AndroidTargetPlatform' loaded TargetPlatform 'Android_Multi'
[2019.11.07-05.08.18:241][  0]LogTemp: Display: Module 'AndroidTargetPlatform' loaded TargetPlatform 'Android_MultiClient'
[2019.11.07-05.08.18:245][  0]LogTemp: Display: Module 'HTML5TargetPlatform' loaded TargetPlatform 'HTML5'
[2019.11.07-05.08.18:387][  0]LogTemp: Display: Module 'IOSTargetPlatform' loaded TargetPlatform 'IOSClient'
[2019.11.07-05.08.18:387][  0]LogTemp: Display: Module 'IOSTargetPlatform' loaded TargetPlatform 'IOS'
[2019.11.07-05.08.18:461][  0]LogTemp: Display: Module 'TVOSTargetPlatform' loaded TargetPlatform 'TVOSClient'
[2019.11.07-05.08.18:461][  0]LogTemp: Display: Module 'TVOSTargetPlatform' loaded TargetPlatform 'TVOS'
[2019.11.07-05.08.18:499][  0]LogTemp: Display: Module 'LinuxClientTargetPlatform' loaded TargetPlatform 'LinuxClient'
[2019.11.07-05.08.18:537][  0]LogTemp: Display: Module 'LinuxNoEditorTargetPlatform' loaded TargetPlatform 'LinuxNoEditor'
[2019.11.07-05.08.18:575][  0]LogTemp: Display: Module 'LinuxServerTargetPlatform' loaded TargetPlatform 'LinuxServer'
[2019.11.07-05.08.18:651][  0]LogTemp: Display: Module 'LinuxTargetPlatform' loaded TargetPlatform 'Linux'
[2019.11.07-05.08.18:800][  0]LogTemp: Display: Module 'LuminTargetPlatform' loaded TargetPlatform 'Lumin'
[2019.11.07-05.08.18:800][  0]LogTemp: Display: Module 'LuminTargetPlatform' loaded TargetPlatform 'LuminClient'
[2019.11.07-05.08.18:800][  0]LogTargetPlatformManager: Display: Building Assets For Windows
[2019.11.07-05.08.18:823][  0]LogAudioDebug: Display: Lib vorbis DLL was dynamically loaded.
[2019.11.07-05.08.18:952][  0]LogShaderCompilers: Guid format shader working directory is 6 characters bigger than the processId version (../../../../../../Users/LJ/Desktop/MM/Intermediate/Shaders/WorkingDirectory/9644/).
[2019.11.07-05.08.18:952][  0]LogShaderCompilers: Cleaned the shader compiler working directory 'C:/Users/LJ/AppData/Local/Temp/UnrealShaderWorkingDir/F3D16B3C4037B437C299C493E85711B3/'.
[2019.11.07-05.08.18:958][  0]LogXGEController: Cleaning working directory: C:/Users/LJ/AppData/Local/Temp/UnrealXGEWorkingDir/
[2019.11.07-05.08.18:958][  0]LogXGEController: Cannot use XGE Controller as Incredibuild is not installed on this machine.
[2019.11.07-05.08.18:959][  0]LogShaderCompilers: Cannot use XGE Shader Compiler as Incredibuild is not installed on this machine.
[2019.11.07-05.08.18:959][  0]LogShaderCompilers: Display: Using Local Shader Compiler.
[2019.11.07-05.08.27:275][  0]LogDerivedDataCache: Display: Max Cache Size: 512 MB
[2019.11.07-05.08.27:404][  0]LogDerivedDataCache: Loaded boot cache 0.13s 71MB C:/Users/LJ/AppData/Local/UnrealEngine/4.22/DerivedDataCache/Boot.ddc.
[2019.11.07-05.08.27:404][  0]LogDerivedDataCache: Display: Loaded Boot cache: C:/Users/LJ/AppData/Local/UnrealEngine/4.22/DerivedDataCache/Boot.ddc
[2019.11.07-05.08.27:404][  0]LogDerivedDataCache: FDerivedDataBackendGraph:  Pak pak cache file ../../../../../../Users/LJ/Desktop/MM/DerivedDataCache/DDC.ddp not found, will not use a pak cache.
[2019.11.07-05.08.27:404][  0]LogDerivedDataCache: Unable to find inner node Pak for hierarchical cache Hierarchy.
[2019.11.07-05.08.27:404][  0]LogDerivedDataCache: FDerivedDataBackendGraph:  CompressedPak pak cache file ../../../../../../Users/LJ/Desktop/MM/DerivedDataCache/Compressed.ddp not found, will not use a pak cache.
[2019.11.07-05.08.27:404][  0]LogDerivedDataCache: Unable to find inner node CompressedPak for hierarchical cache Hierarchy.
[2019.11.07-05.08.27:429][  0]LogDerivedDataCache: Display: Pak cache opened for reading ../../../Engine/DerivedDataCache/Compressed.ddp.
[2019.11.07-05.08.27:429][  0]LogDerivedDataCache: FDerivedDataBackendGraph:  EnterprisePak pak cache file ../../../Enterprise/DerivedDataCache/Compressed.ddp not found, will not use a pak cache.
[2019.11.07-05.08.27:429][  0]LogDerivedDataCache: Unable to find inner node EnterprisePak for hierarchical cache Hierarchy.
[2019.11.07-05.08.27:443][  0]LogDerivedDataCache: Using Local data cache path C:/Users/LJ/AppData/Local/UnrealEngine/Common/DerivedDataCache: Writable
[2019.11.07-05.08.27:443][  0]LogDerivedDataCache: Shared data cache path not found in *engine.ini, will not use an Shared cache.
[2019.11.07-05.08.27:443][  0]LogDerivedDataCache: Unable to find inner node Shared for hierarchical cache Hierarchy.
[2019.11.07-05.08.27:508][  0]LogMaterial: Verifying Global Shaders for PCD3D_SM5
[2019.11.07-05.08.27:511][  0]LogSlate: Using FreeType 2.6.0
[2019.11.07-05.08.27:562][  0]LogSlate: SlateFontServices - WITH_FREETYPE: 1, WITH_HARFBUZZ: 1
[2019.11.07-05.08.30:001][  0]LogAssetRegistry: FAssetRegistry took 0.0601 seconds to start up
[2019.11.07-05.08.31:131][  0]LogInit: Selected Device Profile: [Windows]
[2019.11.07-05.08.31:527][  0]LogMeshReduction: Using QuadricMeshReduction for automatic static mesh reduction
[2019.11.07-05.08.31:528][  0]LogMeshReduction: Using SimplygonMeshReduction for automatic skeletal mesh reduction
[2019.11.07-05.08.31:528][  0]LogMeshReduction: Using ProxyLODMeshReduction for automatic mesh merging
[2019.11.07-05.08.31:528][  0]LogMeshReduction: No distributed automatic mesh merging module available
[2019.11.07-05.08.31:528][  0]LogMeshMerging: No distributed automatic mesh merging module available
[2019.11.07-05.08.31:558][  0]LogNetVersion: MoonMan_Prototype 1.0.0, NetCL: 5660361, EngineNetVer: 10, GameNetVer: 0 (Checksum: 871904351)
[2019.11.07-05.08.32:781][  0]LogPackageLocalizationCache: Processed 10 localized package path(s) for 1 prioritized culture(s) in 0.133535 seconds
[2019.11.07-05.08.32:806][  0]LogUObjectArray: 42205 objects as part of root set at end of initial load.
[2019.11.07-05.08.32:806][  0]LogUObjectAllocator: 7325032 out of 0 bytes used by permanent object pool.
[2019.11.07-05.08.32:806][  0]LogUObjectArray: CloseDisregardForGC: 0/0 objects in disregard for GC pool
[2019.11.07-05.09.26:002][  0]LogTcpMessaging: Initializing TcpMessaging bridge
[2019.11.07-05.09.26:023][  0]LogUdpMessaging: Initializing bridge on interface 0.0.0.0:0 to multicast group 230.0.0.1:6666.
[2019.11.07-05.09.26:259][  0]SourceControl: Source control is disabled
[2019.11.07-05.09.26:260][  0]SourceControl: Source control is disabled
[2019.11.07-05.09.26:264][  0]SourceControl: Source control is disabled
[2019.11.07-05.09.26:268][  0]SourceControl: Source control is disabled
[2019.11.07-05.09.26:290][  0]LogVSAccessor: Display: Unable to create Visual Studio setup instance: 80040154
[2019.11.07-05.09.26:292][  0]LogVSAccessor: Display: Unable to create Visual Studio setup instance: 80040154
[2019.11.07-05.09.26:788][  0]LogAndroidPermission: UAndroidPermissionCallbackProxy::GetInstance
[2019.11.07-05.09.27:072][  0]LogOcInput: OculusInput pre-init called
[2019.11.07-05.09.28:786][  0]LogEngine: Initializing Engine...
[2019.11.07-05.09.28:788][  0]LogHMD: Failed to initialize OpenVR with code 110
[2019.11.07-05.09.28:791][  0]LogStats: UGameplayTagsManager::InitializeManager -  0.000 s
[2019.11.07-05.09.29:345][  0]LogInit: Initializing FReadOnlyCVARCache
[2019.11.07-05.09.29:395][  0]LogAIModule: Creating AISystem for world Untitled
[2019.11.07-05.09.29:424][  0]LogInit: XAudio2 using 'Speakers (Conexant SmartAudio HD)' : 2 channels at 44.1 kHz using 32 bits per sample (channel mask 0x3)
[2019.11.07-05.09.29:554][  0]LogInit: FAudioDevice initialized.
[2019.11.07-05.09.29:555][  0]LogNetVersion: Set ProjectVersion to 1.0.0.0. Version Checksum will be recalculated on next use.
[2019.11.07-05.09.30:284][  0]LogDerivedDataCache: Saved boot cache 0.73s 71MB C:/Users/LJ/AppData/Local/UnrealEngine/4.22/DerivedDataCache/Boot.ddc.
[2019.11.07-05.09.30:309][  0]LogInit: Texture streaming: Enabled
[2019.11.07-05.09.30:365][  0]LogEngineSessionManager: EngineSessionManager initialized
[2019.11.07-05.09.30:446][  0]LogInit: Transaction tracking system initialized
[2019.11.07-05.09.30:508][  0]BlueprintLog: New page: Editor Load
[2019.11.07-05.09.30:785][  0]LocalizationService: Localization service is disabled
[2019.11.07-05.09.31:268][  0]LogVSAccessor: Display: Unable to create Visual Studio setup instance: 80040154
[2019.11.07-05.09.31:269][  0]LogVSAccessor: Display: Unable to create Visual Studio setup instance: 80040154
[2019.11.07-05.09.31:767][  0]LogFileCache: Scanning file cache for directory 'C:/Users/LJ/Desktop/MM/Content/' took 0.03s
[2019.11.07-05.09.31:767][  0]LogCook: Display: Max memory allowance for cook 16384mb min free memory 0mb
[2019.11.07-05.09.31:767][  0]LogCook: Display: Mobile HDR setting 1
[2019.11.07-05.09.34:516][  0]SourceControl: Source control is disabled
[2019.11.07-05.09.34:517][  0]Cmd: MAP LOAD FILE="../../../../../../Users/LJ/Desktop/MM/Content/Demo/Maps/Level_00.umap" TEMPLATE=0 SHOWPROGRESS=1 FEATURELEVEL=3
[2019.11.07-05.09.34:517][  0]LightingResults: New page: Lighting Build
[2019.11.07-05.09.34:524][  0]MapCheck: New page: Map Check
[2019.11.07-05.09.34:525][  0]LightingResults: New page: Lighting Build
[2019.11.07-05.09.34:574][  0]LogUObjectHash: Compacting FUObjectHashTables data took   4.78ms
[2019.11.07-05.09.35:181][  0]LogAIModule: Creating AISystem for world Level_00
[2019.11.07-05.09.35:197][  0]LogEditorServer: Finished looking for orphan Actors (0.000 secs)
[2019.11.07-05.09.35:347][  0]LogUObjectHash: Compacting FUObjectHashTables data took   5.70ms
[2019.11.07-05.09.35:348][  0]Cmd: MAP CHECKDEP NOCLEARLOG
[2019.11.07-05.09.35:348][  0]MapCheck: Map check complete: 0 Error(s), 0 Warning(s), took 0.394ms to complete.
[2019.11.07-05.09.35:348][  0]LogFileHelpers: Loading map 'Level_00' took 0.832
[2019.11.07-05.09.35:700][  0]LogSlate: Updating window title bar state: overlay mode, drag disabled, window buttons hidden, title bar hidden
[2019.11.07-05.09.35:722][  0]LogSlate: Updating window title bar state: overlay mode, drag disabled, window buttons hidden, title bar hidden
[2019.11.07-05.09.35:744][  0]LogSlate: Updating window title bar state: overlay mode, drag disabled, window buttons hidden, title bar hidden
[2019.11.07-05.09.35:766][  0]LogSlate: Updating window title bar state: overlay mode, drag disabled, window buttons hidden, title bar hidden
[2019.11.07-05.09.35:783][  0]LogCollectionManager: Loaded 0 collections in 0.004376 seconds
[2019.11.07-05.09.35:821][  0]LogFileCache: Scanning file cache for directory 'C:/Users/LJ/Desktop/MM/Saved/Collections/' took 0.01s
[2019.11.07-05.09.35:821][  0]LogFileCache: Scanning file cache for directory 'C:/Users/LJ/Desktop/MM/Content/Developers/LJ/Collections/' took 0.00s
[2019.11.07-05.09.35:821][  0]LogFileCache: Scanning file cache for directory 'C:/Users/LJ/Desktop/MM/Content/Collections/' took 0.01s
[2019.11.07-05.09.35:821][  0]LogCollectionManager: Rebuilt the GUID cache for 0 collections in 0.000001 seconds
[2019.11.07-05.09.35:850][  0]LogContentBrowser: Native class hierarchy populated in 0.0286 seconds. Added 2732 classes and 659 folders.
[2019.11.07-05.09.35:867][  0]LogContentBrowser: Native class hierarchy updated for 'WidgetCarousel' in 0.0007 seconds. Added 0 classes and 0 folders.
[2019.11.07-05.09.36:150][  0]LogPakFile: Registered encryption key '00000000000000000000000000000000': 0 pak files mounted, 0 remain pending
[2019.11.07-05.09.36:152][  0]LogPakFile: Registered encryption key '00000000000000000000000000000000': 0 pak files mounted, 0 remain pending
[2019.11.07-05.09.36:153][  0]LogPakFile: Registered encryption key '00000000000000000000000000000000': 0 pak files mounted, 0 remain pending
[2019.11.07-05.09.36:154][  0]LogPakFile: Registered encryption key '00000000000000000000000000000000': 0 pak files mounted, 0 remain pending
[2019.11.07-05.09.36:155][  0]LogPakFile: Registered encryption key '00000000000000000000000000000000': 0 pak files mounted, 0 remain pending
[2019.11.07-05.09.36:156][  0]LogPakFile: Registered encryption key '00000000000000000000000000000000': 0 pak files mounted, 0 remain pending
[2019.11.07-05.09.36:158][  0]LogPakFile: Registered encryption key '00000000000000000000000000000000': 0 pak files mounted, 0 remain pending
[2019.11.07-05.09.36:159][  0]LogPakFile: Registered encryption key '00000000000000000000000000000000': 0 pak files mounted, 0 remain pending
[2019.11.07-05.09.36:160][  0]LogPakFile: Registered encryption key '00000000000000000000000000000000': 0 pak files mounted, 0 remain pending
[2019.11.07-05.09.36:162][  0]LogPakFile: Registered encryption key '00000000000000000000000000000000': 0 pak files mounted, 0 remain pending
[2019.11.07-05.09.36:163][  0]LogPakFile: Registered encryption key '00000000000000000000000000000000': 0 pak files mounted, 0 remain pending
[2019.11.07-05.09.36:164][  0]LogPakFile: Registered encryption key '00000000000000000000000000000000': 0 pak files mounted, 0 remain pending
[2019.11.07-05.09.36:165][  0]LogPakFile: Registered encryption key '00000000000000000000000000000000': 0 pak files mounted, 0 remain pending
[2019.11.07-05.09.36:167][  0]LogPakFile: Registered encryption key '00000000000000000000000000000000': 0 pak files mounted, 0 remain pending
[2019.11.07-05.09.36:168][  0]LogPakFile: Registered encryption key '00000000000000000000000000000000': 0 pak files mounted, 0 remain pending
[2019.11.07-05.09.36:170][  0]LogPakFile: Registered encryption key '00000000000000000000000000000000': 0 pak files mounted, 0 remain pending
[2019.11.07-05.09.36:171][  0]LogPakFile: Registered encryption key '00000000000000000000000000000000': 0 pak files mounted, 0 remain pending
[2019.11.07-05.09.36:173][  0]LogPakFile: Registered encryption key '00000000000000000000000000000000': 0 pak files mounted, 0 remain pending
[2019.11.07-05.09.36:174][  0]LogPakFile: Registered encryption key '00000000000000000000000000000000': 0 pak files mounted, 0 remain pending
[2019.11.07-05.09.36:176][  0]LogPakFile: Registered encryption key '00000000000000000000000000000000': 0 pak files mounted, 0 remain pending
[2019.11.07-05.09.36:177][  0]LogPakFile: Registered encryption key '00000000000000000000000000000000': 0 pak files mounted, 0 remain pending
[2019.11.07-05.09.36:178][  0]LogPakFile: Registered encryption key '00000000000000000000000000000000': 0 pak files mounted, 0 remain pending
[2019.11.07-05.09.36:180][  0]LogPakFile: Registered encryption key '00000000000000000000000000000000': 0 pak files mounted, 0 remain pending
[2019.11.07-05.09.36:181][  0]LogPakFile: Registered encryption key '00000000000000000000000000000000': 0 pak files mounted, 0 remain pending
[2019.11.07-05.09.36:182][  0]LogPakFile: Registered encryption key '00000000000000000000000000000000': 0 pak files mounted, 0 remain pending
[2019.11.07-05.09.36:184][  0]LogPakFile: Registered encryption key '00000000000000000000000000000000': 0 pak files mounted, 0 remain pending
[2019.11.07-05.09.37:946][  0]LogContentBrowser: Native class hierarchy updated for 'AddContentDialog' in 0.0007 seconds. Added 0 classes and 0 folders.
[2019.11.07-05.09.37:962][  0]LogContentBrowser: Native class hierarchy updated for 'SceneOutliner' in 0.0007 seconds. Added 1 classes and 2 folders.
[2019.11.07-05.09.38:193][  0]LogContentBrowser: Native class hierarchy updated for 'HierarchicalLODOutliner' in 0.0007 seconds. Added 0 classes and 0 folders.
[2019.11.07-05.09.38:193][  0]LogLoad: (Engine Initialization) Total time: 94.40 seconds
[2019.11.07-05.09.38:193][  0]LogLoad: (Engine Initialization) Total Blueprint compile time: 0.00 seconds
[2019.11.07-05.09.38:278][  0]LogContentStreaming: Texture pool size now 1000 MB
[2019.11.07-05.09.38:283][  0]LogSlate: Took 0.000813 seconds to synchronously load lazily loaded font '../../../Engine/Content/Slate/Fonts/Roboto-Regular.ttf' (155K)
[2019.11.07-05.09.38:288][  0]LogSlate: Took 0.000874 seconds to synchronously load lazily loaded font '../../../Engine/Content/Slate/Fonts/Roboto-Bold.ttf' (160K)
[2019.11.07-05.09.38:375][  0]LogSlate: Took 0.073162 seconds to synchronously load lazily loaded font '../../../Engine/Content/Editor/Slate/Fonts/FontAwesome.ttf' (139K)
[2019.11.07-05.09.38:698][  0]LogRenderer: Reallocating scene render targets to support 756x360 Format 10 NumSamples 1 (Frame:1).
[2019.11.07-05.09.38:839][  0]LogSlate: Took 0.000501 seconds to synchronously load lazily loaded font '../../../Engine/Content/Slate/Fonts/Roboto-Light.ttf' (167K)
[2019.11.07-05.09.57:944][ 76]LogAssetRegistry: Asset discovery search completed in 87.9654 seconds
[2019.11.07-05.09.57:953][ 76]LogCollectionManager: Rebuilt the object cache for 0 collections in 0.000001 seconds (found 0 objects)
[2019.11.07-05.09.57:953][ 76]LogCollectionManager: Fixed up redirectors for 0 collections in 0.000155 seconds (updated 0 objects)
[2019.11.07-05.10.09:410][522]LogRenderer: Reallocating scene render targets to support 804x372 Format 10 NumSamples 1 (Frame:4).
[2019.11.07-05.10.11:369][630]LogSlate: FSceneViewport::OnFocusLost() reason 2
[2019.11.07-05.10.14:064][733]LogSlate: FSceneViewport::OnFocusLost() reason 2
[2019.11.07-05.10.15:068][783]LogSlate: FSceneViewport::OnFocusLost() reason 2
[2019.11.07-05.12.10:893][676]LogRenderer: Reallocating scene render targets to support 1136x572 Format 10 NumSamples 1 (Frame:299).
[2019.11.07-05.12.32:664][883]LogSlate: FSceneViewport::OnFocusLost() reason 2
[2019.11.07-05.12.33:731][910]LogSlate: FSceneViewport::OnFocusLost() reason 2
[2019.11.07-05.12.40:077][910]LogSlate: Only BGRA pngs, bmps or icos are supported in by External Image Picker
[2019.11.07-05.14.31:810][962]LogSlate: FSceneViewport::OnFocusLost() reason 0
[2019.11.07-05.14.33:914][ 64]Cmd: TRANSACTION UNDO
[2019.11.07-05.14.33:914][ 64]LogEditorTransaction: Undo Remove Action Mapping Group
[2019.11.07-05.14.33:999][ 64]LogSlate: Took 0.000549 seconds to synchronously load lazily loaded font '../../../Engine/Content/Slate/Fonts/Roboto-Light.ttf' (167K)
[2019.11.07-05.18.07:849][ 98]Cmd: TRANSACTION UNDO
[2019.11.07-05.18.07:849][ 98]LogEditorTransaction: Undo Delete Child
[2019.11.07-05.21.44:106][724]LogSlate: Window 'Project Settings' being destroyed
[2019.11.07-05.21.44:111][724]LogSlate: Window 'Project Settings' being destroyed
[2019.11.07-05.21.57:419][ 42]LogAssetEditorManager: Opening Asset editor for LevelScriptBlueprint /Game/Demo/Maps/Level_00.Level_00:PersistentLevel.Level_00
[2019.11.07-05.21.59:454][ 42]LogContentBrowser: Native class hierarchy updated for 'BlueprintGraph' in 0.0017 seconds. Added 121 classes and 0 folders.
[2019.11.07-05.22.02:784][ 42]LogSlate: Took 0.030273 seconds to synchronously load lazily loaded font '../../../Engine/Content/Slate/Fonts/Roboto-BoldCondensed.ttf' (158K)
[2019.11.07-05.22.03:107][ 43]LogSlate: Took 0.075159 seconds to synchronously load lazily loaded font '../../../Engine/Content/Slate/Fonts/Roboto-Italic.ttf' (157K)
[2019.11.07-05.24.52:999][954]LogUObjectHash: Compacting FUObjectHashTables data took  11.66ms
[2019.11.07-05.24.53:064][954]Cmd: OBJ SAVEPACKAGE PACKAGE="/Game/Demo/Maps/Level_00" FILE="../../../../../../Users/LJ/Desktop/MM/Saved/Autosaves/Game/Demo/Maps/Level_00_Auto1.umap" SILENT=true AUTOSAVING=true KEEPDIRTY=false
[2019.11.07-05.24.57:038][954]LogSavePackage: Moving '../../../../../../Users/LJ/Desktop/MM/Saved/Level_00_Auto146AA89F842E09EF884CB6AA530BEF703.tmp' to '../../../../../../Users/LJ/Desktop/MM/Saved/Autosaves/Game/Demo/Maps/Level_00_Auto1.umap'
[2019.11.07-05.24.57:082][954]LogFileHelpers: Editor autosave (incl. sublevels) for '/Game/Demo/Maps/Level_00' took 4.372
[2019.11.07-05.24.57:082][954]LogFileHelpers: Editor autosave (incl. sublevels) for all levels took 4.372
[2019.11.07-05.28.45:790][667]LogEditorViewport: Clicking on Actor (LMB): TriggerVolume (TriggerVolume)
[2019.11.07-05.28.52:462][910]LogSlate: FSceneViewport::OnFocusLost() reason 0
[2019.11.07-05.35.30:665][967]LogUObjectHash: Compacting FUObjectHashTables data took   8.85ms
[2019.11.07-05.35.30:681][967]Cmd: OBJ SAVEPACKAGE PACKAGE="/Game/Demo/Maps/Level_00" FILE="../../../../../../Users/LJ/Desktop/MM/Saved/Autosaves/Game/Demo/Maps/Level_00_Auto2.umap" SILENT=true AUTOSAVING=true KEEPDIRTY=false
[2019.11.07-05.35.31:501][967]LogSavePackage: Moving '../../../../../../Users/LJ/Desktop/MM/Saved/Level_00_Auto2D658B8584B776328B27219B20B7D5130.tmp' to '../../../../../../Users/LJ/Desktop/MM/Saved/Autosaves/Game/Demo/Maps/Level_00_Auto2.umap'
[2019.11.07-05.35.31:511][967]LogFileHelpers: Editor autosave (incl. sublevels) for '/Game/Demo/Maps/Level_00' took 0.944
[2019.11.07-05.35.31:511][967]LogFileHelpers: Editor autosave (incl. sublevels) for all levels took 0.944
[2019.11.07-05.36.54:886][157]BlueprintLog: New page: Compile Level_00
[2019.11.07-05.36.55:434][157]LogUObjectHash: Compacting FUObjectHashTables data took   6.82ms
[2019.11.07-05.36.56:881][199]Cmd: OBJ SAVEPACKAGE PACKAGE="/Game/Demo/Maps/Level_00" FILE="../../../../../../Users/LJ/Desktop/MM/Content/Demo/Maps/Level_00.umap" SILENT=true AUTOSAVING=false KEEPDIRTY=false
[2019.11.07-05.36.56:981][199]LogUObjectHash: Compacting FUObjectHashTables data took   6.95ms
[2019.11.07-05.36.57:629][199]LogSavePackage: Moving '../../../../../../Users/LJ/Desktop/MM/Saved/Level_00515562B5487CDDB32650F2BBA85EAF12.tmp' to '../../../../../../Users/LJ/Desktop/MM/Content/Demo/Maps/Level_00.umap'
[2019.11.07-05.36.57:775][199]LogFileHelpers: Saving map 'Level_00' took 0.895
[2019.11.07-05.38.54:882][303]LogTemp: Repeating last play command: Selected Viewport
[2019.11.07-05.38.55:023][303]LogBlueprintUserMessages: Early PlayInEditor Detection: Level '/Game/Demo/Maps/Level_00.Level_00:PersistentLevel' has LevelScriptBlueprint '/Game/Demo/Maps/Level_00.Level_00:PersistentLevel.Level_00' with GeneratedClass '/Game/Demo/Maps/Level_00.Level_00_C' with ClassGeneratedBy '/Game/Demo/Maps/Level_00.Level_00:PersistentLevel.Level_00'
[2019.11.07-05.38.55:064][303]LogPlayLevel: PlayLevel: No blueprints needed recompiling
[2019.11.07-05.38.55:131][303]PIE: New page: PIE session: Level_00 (Nov 6, 2019, 5:38:55 PM)
[2019.11.07-05.38.55:195][303]LogPlayLevel: Creating play world package: /Game/Demo/Maps/UEDPIE_0_Level_00
[2019.11.07-05.38.55:355][303]LogPlayLevel: PIE: StaticDuplicateObject took: (0.158803s)
[2019.11.07-05.38.55:356][303]LogAIModule: Creating AISystem for world Level_00
[2019.11.07-05.38.55:370][303]LogPlayLevel: PIE: World Init took: (0.014990s)
[2019.11.07-05.38.55:370][303]LogPlayLevel: PIE: Created PIE world by copying editor world from /Game/Demo/Maps/Level_00.Level_00 to /Game/Demo/Maps/UEDPIE_0_Level_00.Level_00 (0.174896s)
[2019.11.07-05.38.55:447][303]LogUObjectHash: Compacting FUObjectHashTables data took   7.22ms
[2019.11.07-05.38.55:539][303]LogInit: XAudio2 using 'Speakers (Conexant SmartAudio HD)' : 2 channels at 44.1 kHz using 32 bits per sample (channel mask 0x3)
[2019.11.07-05.38.55:594][303]LogInit: FAudioDevice initialized.
[2019.11.07-05.38.55:704][303]LogLoad: Game class is 'SideScrollerGameMode_C'
[2019.11.07-05.38.56:022][303]LogWorld: Bringing World /Game/Demo/Maps/UEDPIE_0_Level_00.Level_00 up for play (max tick rate 60) at 2019.11.06-23.38.56
[2019.11.07-05.38.56:148][303]LogWorld: Bringing up level for play took: 0.128476
[2019.11.07-05.38.56:507][303]LogBlueprintActionDatabase: Requesting refresh due to module change: Voice (loaded)
[2019.11.07-05.38.56:550][303]LogBlueprintActionDatabase: Requesting refresh due to module change: MovieSceneCapture (loaded)
[2019.11.07-05.38.56:551][303]LogContentBrowser: Native class hierarchy updated for 'MovieSceneCapture' in 0.0009 seconds. Added 20 classes and 0 folders.
[2019.11.07-05.38.57:010][303]PIE: Play in editor start time for /Game/Demo/Maps/UEDPIE_0_Level_00 1.814
[2019.11.07-05.38.57:011][303]LogBlueprintUserMessages: Late PlayInEditor Detection: Level '/Game/Demo/Maps/Level_00.Level_00:PersistentLevel' has LevelScriptBlueprint '/Game/Demo/Maps/Level_00.Level_00:PersistentLevel.Level_00' with GeneratedClass '/Game/Demo/Maps/Level_00.Level_00_C' with ClassGeneratedBy '/Game/Demo/Maps/Level_00.Level_00:PersistentLevel.Level_00'
[2019.11.07-05.39.19:294][644]LogBlueprintUserMessages: Early EndPlayMap Detection: Level '/Game/Demo/Maps/Level_00.Level_00:PersistentLevel' has LevelScriptBlueprint '/Game/Demo/Maps/Level_00.Level_00:PersistentLevel.Level_00' with GeneratedClass '/Game/Demo/Maps/Level_00.Level_00_C' with ClassGeneratedBy '/Game/Demo/Maps/Level_00.Level_00:PersistentLevel.Level_00'
[2019.11.07-05.39.19:341][644]LogSlate: Updating window title bar state: overlay mode, drag disabled, window buttons hidden, title bar hidden
[2019.11.07-05.39.19:448][644]LogPlayLevel: Display: Shutting down PIE online subsystems
[2019.11.07-05.39.19:449][644]LogBlueprintUserMessages: Late EndPlayMap Detection: Level '/Game/Demo/Maps/Level_00.Level_00:PersistentLevel' has LevelScriptBlueprint '/Game/Demo/Maps/Level_00.Level_00:PersistentLevel.Level_00' with GeneratedClass '/Game/Demo/Maps/Level_00.Level_00_C' with ClassGeneratedBy '/Game/Demo/Maps/Level_00.Level_00:PersistentLevel.Level_00'
[2019.11.07-05.39.19:601][644]LogSlate: Updating window title bar state: overlay mode, drag disabled, window buttons hidden, title bar hidden
[2019.11.07-05.39.19:719][644]LogUObjectHash: Compacting FUObjectHashTables data took  13.45ms
[2019.11.07-05.39.19:862][645]LogPlayLevel: Display: Destroying online subsystem :Context_3
[2019.11.07-05.39.22:284][747]LogSlate: FSceneViewport::OnFocusLost() reason 0
[2019.11.07-05.39.36:886][469]LogUObjectHash: Compacting FUObjectHashTables data took   6.52ms
[2019.11.07-05.39.39:755][617]LogUObjectHash: Compacting FUObjectHashTables data took   2.65ms
[2019.11.07-05.39.40:195][617]LogSlate: Window 'MoonMan_Prototype - Unreal Editor' being destroyed
[2019.11.07-05.39.40:599][618]Cmd: QUIT_EDITOR
[2019.11.07-05.39.41:079][618]LogWindowsTextInputMethodSystem: Display: IME system now deactivated.
[2019.11.07-05.39.41:134][618]LogExit: Preparing to exit.
[2019.11.07-05.39.42:282][618]LogExit: Editor shut down
[2019.11.07-05.39.42:283][618]LogExit: Transaction tracking system shut down
[2019.11.07-05.39.44:405][618]LogExit: Object subsystem successfully closed.
[2019.11.07-05.39.44:446][618]LogShaderCompilers: Display: Shaders left to compile 0
[2019.11.07-05.39.44:462][618]LogD3D11RHI: Shutdown
[2019.11.07-05.39.44:462][618]LogD3D11RHI: CleanupD3DDevice
[2019.11.07-05.39.44:473][618]LogRendererCore: FGlobalReadBuffer::ReleaseRHI
[2019.11.07-05.39.44:473][618]LogRendererCore: FGlobalDynamicReadBuffer::Cleanup()
[2019.11.07-05.39.44:473][618]LogRendererCore: FGlobalReadBuffer::ReleaseRHI
[2019.11.07-05.39.44:473][618]LogRendererCore: FGlobalDynamicReadBuffer::Cleanup()
[2019.11.07-05.39.44:473][618]LogRendererCore: FGlobalReadBuffer::ReleaseRHI
[2019.11.07-05.39.44:473][618]LogRendererCore: FGlobalDynamicReadBuffer::Cleanup()
[2019.11.07-05.39.44:645][618]LogD3D11RHI: ~FD3D11DynamicRHI
[2019.11.07-05.39.44:707][618]LogModuleManager: Shutting down and abandoning module MovieSceneCapture (650)
[2019.11.07-05.39.44:707][618]LogModuleManager: Shutting down and abandoning module Voice (648)
[2019.11.07-05.39.44:707][618]LogModuleManager: Shutting down and abandoning module BlueprintGraph (646)
[2019.11.07-05.39.44:708][618]LogModuleManager: Shutting down and abandoning module ExternalImagePicker (644)
[2019.11.07-05.39.44:708][618]LogModuleManager: Shutting down and abandoning module HierarchicalLODOutliner (642)
[2019.11.07-05.39.44:708][618]LogModuleManager: Shutting down and abandoning module SceneOutliner (640)
[2019.11.07-05.39.44:708][618]LogModuleManager: Shutting down and abandoning module AddContentDialog (638)
[2019.11.07-05.39.44:711][618]LogModuleManager: Shutting down and abandoning module WidgetCarousel (637)
[2019.11.07-05.39.44:711][618]LogModuleManager: Shutting down and abandoning module EditorWidgets (634)
[2019.11.07-05.39.44:711][618]LogModuleManager: Shutting down and abandoning module CollectionManager (632)
[2019.11.07-05.39.44:711][618]LogModuleManager: Shutting down and abandoning module StatsViewer (630)
[2019.11.07-05.39.44:712][618]LogModuleManager: Shutting down and abandoning module FoliageEdit (628)
[2019.11.07-05.39.44:712][618]LogModuleManager: Shutting down and abandoning module LandscapeEditor (626)
[2019.11.07-05.39.44:712][618]LogModuleManager: Shutting down and abandoning module MeshPaintMode (624)
[2019.11.07-05.39.44:712][618]LogModuleManager: Shutting down and abandoning module SceneDepthPickerMode (622)
[2019.11.07-05.39.44:712][618]LogModuleManager: Shutting down and abandoning module ActorPickerMode (620)
[2019.11.07-05.39.44:712][618]LogModuleManager: Shutting down and abandoning module GeometryMode (618)
[2019.11.07-05.39.44:712][618]LogModuleManager: Shutting down and abandoning module TextureAlignMode (616)
[2019.11.07-05.39.44:712][618]LogModuleManager: Shutting down and abandoning module BspMode (614)
[2019.11.07-05.39.44:712][618]LogModuleManager: Shutting down and abandoning module PIEPreviewDeviceProfileSelector (612)
[2019.11.07-05.39.44:712][618]LogModuleManager: Shutting down and abandoning module SequenceRecorderSections (610)
[2019.11.07-05.39.44:712][618]LogModuleManager: Shutting down and abandoning module AutomationWorker (608)
[2019.11.07-05.39.44:712][618]LogModuleManager: Shutting down and abandoning module OculusMR (606)
[2019.11.07-05.39.44:713][618]LogModuleManager: Shutting down and abandoning module AudioCaptureEditor (604)
[2019.11.07-05.39.44:713][618]LogModuleManager: Shutting down and abandoning module MatineeToLevelSequence (602)
[2019.11.07-05.39.44:713][618]LogModuleManager: Shutting down and abandoning module LevelSequenceEditor (600)
[2019.11.07-05.39.44:713][618]LogModuleManager: Shutting down and abandoning module PlacementMode (599)
[2019.11.07-05.39.44:713][618]LogModuleManager: Shutting down and abandoning module MaterialEditor (598)
[2019.11.07-05.39.44:713][618]LogModuleManager: Shutting down and abandoning module ActorSequenceEditor (594)
[2019.11.07-05.39.44:713][618]LogModuleManager: Shutting down and abandoning module WmfMediaFactory (592)
[2019.11.07-05.39.44:713][618]LogModuleManager: Shutting down and abandoning module WmfMediaEditor (590)
[2019.11.07-05.39.44:713][618]LogModuleManager: Shutting down and abandoning module WebMMediaFactory (588)
[2019.11.07-05.39.44:713][618]LogModuleManager: Shutting down and abandoning module WebMMediaEditor (586)
[2019.11.07-05.39.44:713][618]LogModuleManager: Shutting down and abandoning module WebMMedia (584)
[2019.11.07-05.39.44:713][618]LogModuleManager: Shutting down and abandoning module MediaPlayerEditor (582)
[2019.11.07-05.39.44:714][618]LogModuleManager: Shutting down and abandoning module MediaCompositingEditor (580)
[2019.11.07-05.39.44:714][618]LogModuleManager: Shutting down and abandoning module SequenceRecorder (579)
[2019.11.07-05.39.44:714][618]LogModuleManager: Shutting down and abandoning module OpenExrWrapper (576)
[2019.11.07-05.39.44:714][618]LogModuleManager: Shutting down and abandoning module ImgMediaFactory (574)
[2019.11.07-05.39.44:714][618]LogModuleManager: Shutting down and abandoning module ImgMediaEditor (572)
[2019.11.07-05.39.44:714][618]LogModuleManager: Shutting down and abandoning module AvfMediaFactory (570)
[2019.11.07-05.39.44:714][618]LogModuleManager: Shutting down and abandoning module AvfMediaEditor (568)
[2019.11.07-05.39.44:714][618]LogModuleManager: Shutting down and abandoning module AndroidMediaFactory (566)
[2019.11.07-05.39.44:714][618]LogModuleManager: Shutting down and abandoning module AndroidMediaEditor (564)
[2019.11.07-05.39.44:714][618]LogModuleManager: Shutting down and abandoning module MagicLeapCameraPreviewFactory (562)
[2019.11.07-05.39.44:714][618]LogModuleManager: Shutting down and abandoning module MagicLeapMediaCodecFactory (560)
[2019.11.07-05.39.44:714][618]LogModuleManager: Shutting down and abandoning module MagicLeapMediaFactory (558)
[2019.11.07-05.39.44:714][618]LogModuleManager: Shutting down and abandoning module MagicLeapMediaEditor (556)
[2019.11.07-05.39.44:714][618]LogModuleManager: Shutting down and abandoning module CharacterAI (554)
[2019.11.07-05.39.44:714][618]LogModuleManager: Shutting down and abandoning module SmartSnapping (552)
[2019.11.07-05.39.44:714][618]LogModuleManager: Shutting down and abandoning module SessionServices (550)
[2019.11.07-05.39.44:714][618]LogModuleManager: Shutting down and abandoning module MeshPaint (548)
[2019.11.07-05.39.44:715][618]LogModuleManager: Shutting down and abandoning module ViewportSnapping (546)
[2019.11.07-05.39.44:715][618]LogModuleManager: Shutting down and abandoning module ViewportInteraction (544)
[2019.11.07-05.39.44:715][618]LogModuleManager: Shutting down and abandoning module ClothPainter (542)
[2019.11.07-05.39.44:715][618]LogModuleManager: Shutting down and abandoning module SkeletalMeshEditor (541)
[2019.11.07-05.39.44:715][618]LogModuleManager: Shutting down and abandoning module LogVisualizer (538)
[2019.11.07-05.39.44:715][618]LogModuleManager: Shutting down and abandoning module IntroTutorials (536)
[2019.11.07-05.39.44:715][618]LogModuleManager: Shutting down and abandoning module GameProjectGeneration (535)
[2019.11.07-05.39.44:715][618]LogModuleManager: Shutting down and abandoning module LuminPlatformEditor (532)
[2019.11.07-05.39.44:715][618]LogModuleManager: Shutting down and abandoning module IOSPlatformEditor (530)
[2019.11.07-05.39.44:715][618]LogModuleManager: Shutting down and abandoning module HTML5PlatformEditor (528)
[2019.11.07-05.39.44:715][618]LogModuleManager: Shutting down and abandoning module AndroidPlatformEditor (526)
[2019.11.07-05.39.44:715][618]LogModuleManager: Shutting down and abandoning module AndroidDeviceDetection (525)
[2019.11.07-05.39.45:133][618]LogModuleManager: Shutting down and abandoning module WindowsPlatformEditor (522)
[2019.11.07-05.39.45:133][618]LogModuleManager: Shutting down and abandoning module LuminRuntimeSettings (520)
[2019.11.07-05.39.45:133][618]LogModuleManager: Shutting down and abandoning module IOSRuntimeSettings (518)
[2019.11.07-05.39.45:133][618]LogModuleManager: Shutting down and abandoning module AndroidRuntimeSettings (516)
[2019.11.07-05.39.45:133][618]LogModuleManager: Shutting down and abandoning module TimeManagementEditor (514)
[2019.11.07-05.39.45:133][618]LogModuleManager: Shutting down and abandoning module InputBindingEditor (512)
[2019.11.07-05.39.45:133][618]LogModuleManager: Shutting down and abandoning module MergeActors (510)
[2019.11.07-05.39.45:133][618]LogModuleManager: Shutting down and abandoning module LocalizationDashboard (508)
[2019.11.07-05.39.45:133][618]LogModuleManager: Shutting down and abandoning module LocalizationService (507)
[2019.11.07-05.39.45:133][618]LogModuleManager: Shutting down and abandoning module HardwareTargeting (504)
[2019.11.07-05.39.45:133][618]LogModuleManager: Shutting down and abandoning module DeviceProfileEditor (502)
[2019.11.07-05.39.45:133][618]LogModuleManager: Shutting down and abandoning module UndoHistory (500)
[2019.11.07-05.39.45:134][618]LogModuleManager: Shutting down and abandoning module XmlParser (498)
[2019.11.07-05.39.45:134][618]LogModuleManager: Shutting down and abandoning module Blutility (496)
[2019.11.07-05.39.45:134][618]LogModuleManager: Shutting down and abandoning module ProjectSettingsViewer (494)
[2019.11.07-05.39.45:134][618]LogModuleManager: Shutting down and abandoning module ProjectTargetPlatformEditor (493)
[2019.11.07-05.39.45:134][618]LogModuleManager: Shutting down and abandoning module EditorSettingsViewer (490)
[2019.11.07-05.39.45:134][618]LogModuleManager: Shutting down and abandoning module SettingsEditor (488)
[2019.11.07-05.39.45:134][618]LogModuleManager: Shutting down and abandoning module ProjectLauncher (486)
[2019.11.07-05.39.45:134][618]LogModuleManager: Shutting down and abandoning module SessionFrontend (484)
[2019.11.07-05.39.45:135][618]LogModuleManager: Shutting down and abandoning module ProfilerClient (482)
[2019.11.07-05.39.45:135][618]LogModuleManager: Shutting down and abandoning module DeviceManager (480)
[2019.11.07-05.39.45:135][618]LogModuleManager: Shutting down and abandoning module TargetDeviceServices (479)
[2019.11.07-05.39.45:179][618]LogModuleManager: Shutting down and abandoning module AutomationController (476)
[2019.11.07-05.39.45:180][618]LogModuleManager: Shutting down and abandoning module AutomationWindow (474)
[2019.11.07-05.39.45:180][618]LogModuleManager: Shutting down and abandoning module Layers (472)
[2019.11.07-05.39.45:180][618]LogModuleManager: Shutting down and abandoning module ComponentVisualizers (470)
[2019.11.07-05.39.45:180][618]LogModuleManager: Shutting down and abandoning module DetailCustomizations (468)
[2019.11.07-05.39.45:181][618]LogModuleManager: Shutting down and abandoning module PackagesDialog (466)
[2019.11.07-05.39.45:181][618]LogModuleManager: Shutting down and abandoning module AnimationBlueprintEditor (464)
[2019.11.07-05.39.45:181][618]LogModuleManager: Shutting down and abandoning module Persona (462)
[2019.11.07-05.39.45:181][618]LogModuleManager: Shutting down and abandoning module AdvancedPreviewScene (461)
[2019.11.07-05.39.45:181][618]LogModuleManager: Shutting down and abandoning module AnimGraph (459)
[2019.11.07-05.39.45:181][618]LogModuleManager: Shutting down and abandoning module Kismet (456)
[2019.11.07-05.39.45:205][618]LogModuleManager: Shutting down and abandoning module GraphEditor (454)
[2019.11.07-05.39.45:205][618]LogModuleManager: Shutting down and abandoning module ClassViewer (452)
[2019.11.07-05.39.45:205][618]LogModuleManager: Shutting down and abandoning module Toolbox (450)
[2019.11.07-05.39.45:205][618]LogModuleManager: Shutting down and abandoning module ModuleUI (448)
[2019.11.07-05.39.45:205][618]LogModuleManager: Shutting down and abandoning module MovieSceneTools (446)
[2019.11.07-05.39.45:206][618]LogModuleManager: Shutting down and abandoning module OutputLog (444)
[2019.11.07-05.39.45:206][618]LogModuleManager: Shutting down and abandoning module GammaUI (442)
[2019.11.07-05.39.45:206][618]LogModuleManager: Shutting down and abandoning module Documentation (440)
[2019.11.07-05.39.45:206][618]LogModuleManager: Shutting down and abandoning module LiveCoding (438)
[2019.11.07-05.39.45:206][618]LogModuleManager: Shutting down and abandoning module LevelSequence (436)
[2019.11.07-05.39.45:206][618]LogModuleManager: Shutting down and abandoning module MovieSceneTracks (434)
[2019.11.07-05.39.45:206][618]LogModuleManager: Shutting down and abandoning module MovieScene (432)
[2019.11.07-05.39.45:206][618]LogModuleManager: Shutting down and abandoning module StreamingPauseRendering (430)
[2019.11.07-05.39.45:206][618]LogModuleManager: Shutting down and abandoning module LauncherPlatform (428)
[2019.11.07-05.39.45:206][618]LogModuleManager: Shutting down and abandoning module AnalyticsET (426)
[2019.11.07-05.39.45:206][618]LogModuleManager: Shutting down and abandoning module PortalServices (424)
[2019.11.07-05.39.45:206][618]LogModuleManager: Shutting down and abandoning module PortalRpc (422)
[2019.11.07-05.39.45:206][618]LogModuleManager: Shutting down and abandoning module MessagingRpc (420)
[2019.11.07-05.39.45:207][618]LogModuleManager: Shutting down and abandoning module AIModule (418)
[2019.11.07-05.39.45:207][618]LogModuleManager: Shutting down and abandoning module GameplayDebugger (417)
[2019.11.07-05.39.45:207][618]LogModuleManager: Shutting down and abandoning module AITestSuite (415)
[2019.11.07-05.39.45:207][618]LogModuleManager: Shutting down and abandoning module NavigationSystem (413)
[2019.11.07-05.39.45:207][618]LogModuleManager: Shutting down and abandoning module DesktopPlatform (410)
[2019.11.07-05.39.45:207][618]LogModuleManager: Shutting down and abandoning module ImageWriteQueue (408)
[2019.11.07-05.39.45:215][618]LogModuleManager: Shutting down and abandoning module ProfilerService (406)
[2019.11.07-05.39.45:242][618]LogModuleManager: Shutting down and abandoning module TaskGraph (404)
[2019.11.07-05.39.45:242][618]LogModuleManager: Shutting down and abandoning module SteamVRController (402)
[2019.11.07-05.39.45:242][618]LogModuleManager: Shutting down and abandoning module ProceduralMeshComponentEditor (400)
[2019.11.07-05.39.45:242][618]LogModuleManager: Shutting down and abandoning module ProceduralMeshComponent (398)
[2019.11.07-05.39.45:242][618]LogModuleManager: Shutting down and abandoning module OculusEditor (396)
[2019.11.07-05.39.45:242][618]LogModuleManager: Shutting down and abandoning module OculusInput (394)
[2019.11.07-05.39.45:243][618]LogModuleManager: Shutting down and abandoning module MobilePatchingUtils (392)
[2019.11.07-05.39.45:243][618]LogModuleManager: Shutting down and abandoning module EditableMesh (390)
[2019.11.07-05.39.45:243][618]LogModuleManager: Shutting down and abandoning module CustomMeshComponent (388)
[2019.11.07-05.39.45:243][618]LogModuleManager: Shutting down and abandoning module CableComponent (386)
[2019.11.07-05.39.45:243][618]LogModuleManager: Shutting down and abandoning module AudioCapture (384)
[2019.11.07-05.39.45:243][618]LogModuleManager: Shutting down and abandoning module ArchVisCharacter (382)
[2019.11.07-05.39.45:243][618]LogModuleManager: Shutting down and abandoning module AndroidPermission (380)
[2019.11.07-05.39.45:243][618]LogModuleManager: Shutting down and abandoning module NUTUnrealEngine4 (378)
[2019.11.07-05.39.45:243][618]LogModuleManager: Shutting down and abandoning module NetcodeUnitTest (376)
[2019.11.07-05.39.45:243][618]LogModuleManager: Shutting down and abandoning module MediaCompositing (374)
[2019.11.07-05.39.45:243][618]LogModuleManager: Shutting down and abandoning module LinearTimecode (372)
[2019.11.07-05.39.45:243][618]LogModuleManager: Shutting down and abandoning module ImgMedia (370)
[2019.11.07-05.39.45:243][618]LogModuleManager: Shutting down and abandoning module MagicLeapHelperVulkan (368)
[2019.11.07-05.39.45:245][618]LogModuleManager: Shutting down and abandoning module MagicLeapHelperOpenGL (366)
[2019.11.07-05.39.45:246][618]LogModuleManager: Shutting down and abandoning module MagicLeapAudio (364)
[2019.11.07-05.39.45:246][618]LogModuleManager: Shutting down and abandoning module HTML5Networking (362)
[2019.11.07-05.39.45:246][618]LogModuleManager: Shutting down and abandoning module GeometryCacheTracks (360)
[2019.11.07-05.39.45:246][618]LogModuleManager: Shutting down and abandoning module GeometryCacheSequencer (358)
[2019.11.07-05.39.45:246][618]LogModuleManager: Shutting down and abandoning module BackChannel (356)
[2019.11.07-05.39.45:247][618]LogModuleManager: Shutting down and abandoning module AppleVision (354)
[2019.11.07-05.39.45:247][618]LogModuleManager: Shutting down and abandoning module AppleImageUtilsBlueprintSupport (352)
[2019.11.07-05.39.45:247][618]LogModuleManager: Shutting down and abandoning module AppleImageUtils (350)
[2019.11.07-05.39.45:247][618]LogModuleManager: Shutting down and abandoning module AlembicImporter (348)
[2019.11.07-05.39.45:247][618]LogModuleManager: Shutting down and abandoning module AlembicLibrary (347)
[2019.11.07-05.39.45:247][618]LogModuleManager: Shutting down and abandoning module GeometryCache (346)
[2019.11.07-05.39.45:247][618]LogModuleManager: Shutting down and abandoning module GeometryCacheEd (345)
[2019.11.07-05.39.45:247][618]LogModuleManager: Shutting down and abandoning module VariantManagerContent (340)
[2019.11.07-05.39.45:247][618]LogModuleManager: Shutting down and abandoning module DatasmithContentEditor (338)
[2019.11.07-05.39.45:247][618]LogModuleManager: Shutting down and abandoning module SpeedTreeImporter (336)
[2019.11.07-05.39.45:247][618]LogModuleManager: Shutting down and abandoning module PluginBrowser (334)
[2019.11.07-05.39.45:248][618]LogModuleManager: Shutting down and abandoning module MobileLauncherProfileWizard (332)
[2019.11.07-05.39.45:248][618]LogModuleManager: Shutting down and abandoning module MaterialAnalyzer (330)
[2019.11.07-05.39.45:248][618]LogModuleManager: Shutting down and abandoning module CryptoKeysOpenSSL (328)
[2019.11.07-05.39.45:248][618]LogModuleManager: Shutting down and abandoning module CryptoKeys (326)
[2019.11.07-05.39.45:248][618]LogModuleManager: Shutting down and abandoning module VisualStudioSourceCodeAccess (324)
[2019.11.07-05.39.45:248][618]LogModuleManager: Shutting down and abandoning module VisualStudioCodeSourceCodeAccess (322)
[2019.11.07-05.39.45:248][618]LogModuleManager: Shutting down and abandoning module UObjectPlugin (320)
[2019.11.07-05.39.45:248][618]LogModuleManager: Shutting down and abandoning module SubversionSourceControl (318)
[2019.11.07-05.39.45:248][618]LogModuleManager: Shutting down and abandoning module PerforceSourceControl (316)
[2019.11.07-05.39.45:248][618]LogModuleManager: Shutting down and abandoning module GitSourceControl (314)
[2019.11.07-05.39.45:248][618]LogModuleManager: Shutting down and abandoning module SourceControl (313)
[2019.11.07-05.39.45:248][618]LogModuleManager: Shutting down and abandoning module CLionSourceCodeAccess (310)
[2019.11.07-05.39.45:248][618]LogModuleManager: Shutting down and abandoning module AnimationSharingEd (308)
[2019.11.07-05.39.45:248][618]LogModuleManager: Shutting down and abandoning module ActorLayerUtilitiesEditor (306)
[2019.11.07-05.39.45:248][618]LogModuleManager: Shutting down and abandoning module ActorLayerUtilities (304)
[2019.11.07-05.39.45:249][618]LogModuleManager: Shutting down and abandoning module LightPropagationVolumeEditor (302)
[2019.11.07-05.39.45:249][618]LogModuleManager: Shutting down and abandoning module PaperTiledImporter (300)
[2019.11.07-05.39.45:249][618]LogModuleManager: Shutting down and abandoning module PaperSpriteSheetImporter (298)
[2019.11.07-05.39.45:249][618]LogModuleManager: Shutting down and abandoning module Paper2DEditor (296)
[2019.11.07-05.39.45:249][618]LogModuleManager: Shutting down and abandoning module SignificanceManager (294)
[2019.11.07-05.39.45:249][618]LogModuleManager: Shutting down and abandoning module RuntimePhysXCooking (292)
[2019.11.07-05.39.45:249][618]LogModuleManager: Shutting down and abandoning module PhysXVehiclesEditor (290)
[2019.11.07-05.39.45:249][618]LogModuleManager: Shutting down and abandoning module PhysXVehicles (288)
[2019.11.07-05.39.45:250][618]LogModuleManager: Shutting down and abandoning module LocationServicesBPLibrary (286)
[2019.11.07-05.39.45:250][618]LogModuleManager: Shutting down and abandoning module ActorSequence (284)
[2019.11.07-05.39.45:250][618]LogModuleManager: Shutting down and abandoning module UdpMessaging (282)
[2019.11.07-05.39.45:351][618]LogModuleManager: Shutting down and abandoning module TcpMessaging (280)
[2019.11.07-05.39.45:452][618]LogModuleManager: Shutting down and abandoning module MagicLeapIdentity (278)
[2019.11.07-05.39.45:452][618]LogModuleManager: Shutting down and abandoning module MagicLeapSecureStorage (276)
[2019.11.07-05.39.45:452][618]LogModuleManager: Shutting down and abandoning module MagicLeapHandTracking (274)
[2019.11.07-05.39.45:452][618]LogModuleManager: Shutting down and abandoning module MagicLeapEyeTracker (272)
[2019.11.07-05.39.45:452][618]LogModuleManager: Shutting down and abandoning module MagicLeapController (270)
[2019.11.07-05.39.45:452][618]LogSlate: Slate User Destroyed.  User Index 0, Is Virtual User: 0
[2019.11.07-05.39.45:452][618]LogModuleManager: Shutting down and abandoning module MagicLeapAR (268)
[2019.11.07-05.39.45:452][618]LogModuleManager: Shutting down and abandoning module AugmentedReality (267)
[2019.11.07-05.39.45:453][618]LogModuleManager: Shutting down and abandoning module GameplayTagsEditor (264)
[2019.11.07-05.39.45:453][618]LogModuleManager: Shutting down and abandoning module FacialAnimationEditor (262)
[2019.11.07-05.39.45:453][618]LogModuleManager: Shutting down and abandoning module FacialAnimation (260)
[2019.11.07-05.39.45:453][618]LogModuleManager: Shutting down and abandoning module DataValidation (258)
[2019.11.07-05.39.45:453][618]LogModuleManager: Shutting down and abandoning module AssetManagerEditor (256)
[2019.11.07-05.39.45:453][618]LogModuleManager: Shutting down and abandoning module LevelEditor (255)
[2019.11.07-05.39.45:455][618]LogModuleManager: Shutting down and abandoning module PixelInspectorModule (254)
[2019.11.07-05.39.45:456][618]LogModuleManager: Shutting down and abandoning module CommonMenuExtensions (252)
[2019.11.07-05.39.45:456][618]LogModuleManager: Shutting down and abandoning module MainFrame (250)
[2019.11.07-05.39.45:456][618]LogModuleManager: Shutting down and abandoning module HotReload (249)
[2019.11.07-05.39.45:458][618]LogModuleManager: Shutting down and abandoning module ContentBrowser (245)
[2019.11.07-05.39.45:461][618]LogModuleManager: Shutting down and abandoning module TreeMap (243)
[2019.11.07-05.39.45:462][618]LogModuleManager: Shutting down and abandoning module AnimationSharing (240)
[2019.11.07-05.39.45:462][618]LogModuleManager: Shutting down and abandoning module LightPropagationVolumeRuntime (238)
[2019.11.07-05.39.45:462][618]LogModuleManager: Shutting down and abandoning module AISupportModule (236)
[2019.11.07-05.39.45:462][618]LogModuleManager: Shutting down and abandoning module Paper2D (234)
[2019.11.07-05.39.45:462][618]LogModuleManager: Shutting down and abandoning module WindowsMoviePlayer (232)
[2019.11.07-05.39.45:462][618]LogModuleManager: Shutting down and abandoning module WebMMoviePlayer (230)
[2019.11.07-05.39.45:462][618]LogModuleManager: Shutting down and abandoning module PacketHandler (228)
[2019.11.07-05.39.45:462][618]LogModuleManager: Shutting down and abandoning module ClothingSystemEditor (226)
[2019.11.07-05.39.45:462][618]LogModuleManager: Shutting down and abandoning module ClothingSystemRuntime (224)
[2019.11.07-05.39.45:462][618]LogModuleManager: Shutting down and abandoning module MediaAssets (222)
[2019.11.07-05.39.45:462][618]LogModuleManager: Shutting down and abandoning module Overlay (220)
[2019.11.07-05.39.45:462][618]LogModuleManager: Shutting down and abandoning module OverlayEditor (219)
[2019.11.07-05.39.45:462][618]LogModuleManager: Shutting down and abandoning module VREditor (216)
[2019.11.07-05.39.45:463][618]LogModuleManager: Shutting down and abandoning module StringTableEditor (214)
[2019.11.07-05.39.45:463][618]LogModuleManager: Shutting down and abandoning module GameplayTasksEditor (212)
[2019.11.07-05.39.45:463][618]LogModuleManager: Shutting down and abandoning module BehaviorTreeEditor (210)
[2019.11.07-05.39.45:463][618]LogModuleManager: Shutting down and abandoning module FunctionalTesting (208)
[2019.11.07-05.39.45:463][618]LogModuleManager: Shutting down and abandoning module CollisionAnalyzer (206)
[2019.11.07-05.39.45:463][618]LogModuleManager: Shutting down and abandoning module WorkspaceMenuStructure (205)
[2019.11.07-05.39.45:463][618]LogModuleManager: Shutting down and abandoning module UMG (202)
[2019.11.07-05.39.45:463][618]LogModuleManager: Shutting down and abandoning module UMGEditor (201)
[2019.11.07-05.39.45:463][618]LogModuleManager: Shutting down and abandoning module Sequencer (200)
[2019.11.07-05.39.45:463][618]LogModuleManager: Shutting down and abandoning module MessageLog (197)
[2019.11.07-05.39.45:464][618]LogModuleManager: Shutting down and abandoning module SlateReflector (192)
[2019.11.07-05.39.45:464][618]LogModuleManager: Shutting down and abandoning module Slate (190)
[2019.11.07-05.39.45:464][618]LogModuleManager: Shutting down and abandoning module EditorStyle (188)
[2019.11.07-05.39.45:469][618]LogModuleManager: Shutting down and abandoning module UnrealEd (186)
[2019.11.07-05.39.45:469][618]LogModuleManager: Shutting down and abandoning module MRMesh (184)
[2019.11.07-05.39.45:470][618]LogModuleManager: Shutting down and abandoning module SourceCodeAccess (182)
[2019.11.07-05.39.45:470][618]LogModuleManager: Shutting down and abandoning module HeadMountedDisplay (180)
[2019.11.07-05.39.45:470][618]LogModuleManager: Shutting down and abandoning module XAudio2 (178)
[2019.11.07-05.39.45:470][618]LogModuleManager: Shutting down and abandoning module Networking (176)
[2019.11.07-05.39.45:470][618]LogModuleManager: Shutting down and abandoning module Core (174)
[2019.11.07-05.39.45:470][618]LogModuleManager: Shutting down and abandoning module KismetCompiler (172)
[2019.11.07-05.39.45:470][618]LogModuleManager: Shutting down and abandoning module MeshUtilities (170)
[2019.11.07-05.39.45:470][618]LogModuleManager: Shutting down and abandoning module MeshMergeUtilities (169)
[2019.11.07-05.39.45:470][618]LogModuleManager: Shutting down and abandoning module MeshReductionInterface (168)
[2019.11.07-05.39.45:470][618]LogModuleManager: Shutting down and abandoning module SkeletalMeshReduction (167)
[2019.11.07-05.39.45:470][618]LogModuleManager: Shutting down and abandoning module ProxyLODMeshReduction (165)
[2019.11.07-05.39.45:470][618]LogModuleManager: Shutting down and abandoning module QuadricMeshReduction (163)
[2019.11.07-05.39.45:470][618]LogModuleManager: Shutting down and abandoning module MaterialBaking (159)
[2019.11.07-05.39.45:471][618]LogModuleManager: Shutting down and abandoning module DerivedDataCache (154)
[2019.11.07-05.39.45:552][618]LogDerivedDataCache: Shutdown
[2019.11.07-05.39.45:552][618]LogModuleManager: Shutting down and abandoning module XGEController (152)
[2019.11.07-05.39.45:552][618]LogXGEController: Cleaning working directory: C:/Users/LJ/AppData/Local/Temp/UnrealXGEWorkingDir/
[2019.11.07-05.39.45:553][618]LogModuleManager: Shutting down and abandoning module TargetPlatform (150)
[2019.11.07-05.39.45:553][618]LogModuleManager: Shutting down and abandoning module VulkanShaderFormat (149)
[2019.11.07-05.39.45:553][618]LogModuleManager: Shutting down and abandoning module ShaderFormatVectorVM (147)
[2019.11.07-05.39.45:553][618]LogModuleManager: Shutting down and abandoning module ShaderFormatOpenGL (145)
[2019.11.07-05.39.45:553][618]LogModuleManager: Shutting down and abandoning module ShaderFormatD3D (143)
[2019.11.07-05.39.45:553][618]LogModuleManager: Shutting down and abandoning module MetalShaderFormat (141)
[2019.11.07-05.39.45:553][618]LogModuleManager: Shutting down and abandoning module TextureFormatUncompressed (139)
[2019.11.07-05.39.45:553][618]LogModuleManager: Shutting down and abandoning module TextureFormatPVR (137)
[2019.11.07-05.39.45:554][618]LogModuleManager: Shutting down and abandoning module TextureFormatDXT (135)
[2019.11.07-05.39.45:554][618]LogModuleManager: Shutting down and abandoning module TextureFormatIntelISPCTexComp (133)
[2019.11.07-05.39.45:554][618]LogModuleManager: Shutting down and abandoning module TextureFormatASTC (131)
[2019.11.07-05.39.45:554][618]LogModuleManager: Shutting down and abandoning module ImageWrapper (130)
[2019.11.07-05.39.45:554][618]LogModuleManager: Shutting down and abandoning module TextureFormatAndroid (127)
[2019.11.07-05.39.45:554][618]LogModuleManager: Shutting down and abandoning module AudioFormatOpus (125)
[2019.11.07-05.39.45:554][618]LogModuleManager: Shutting down and abandoning module AudioFormatOgg (123)
[2019.11.07-05.39.45:554][618]LogModuleManager: Shutting down and abandoning module AudioFormatADPCM (121)
[2019.11.07-05.39.45:554][618]LogModuleManager: Shutting down and abandoning module LuminTargetPlatform (119)
[2019.11.07-05.39.45:558][618]LogModuleManager: Shutting down and abandoning module LinuxTargetPlatform (117)
[2019.11.07-05.39.45:558][618]LogModuleManager: Shutting down and abandoning module LinuxServerTargetPlatform (115)
[2019.11.07-05.39.45:558][618]LogModuleManager: Shutting down and abandoning module LinuxNoEditorTargetPlatform (113)
[2019.11.07-05.39.45:558][618]LogModuleManager: Shutting down and abandoning module LinuxClientTargetPlatform (111)
[2019.11.07-05.39.45:558][618]LogModuleManager: Shutting down and abandoning module TVOSTargetPlatform (109)
[2019.11.07-05.39.45:562][618]LogModuleManager: Shutting down and abandoning module Messaging (107)
[2019.11.07-05.39.45:562][618]LogModuleManager: Shutting down and abandoning module IOSTargetPlatform (105)
[2019.11.07-05.39.45:565][618]LogModuleManager: Shutting down and abandoning module HTML5TargetPlatform (103)
[2019.11.07-05.39.45:565][618]LogModuleManager: Shutting down and abandoning module AndroidTargetPlatform (101)
[2019.11.07-05.39.45:607][618]LogModuleManager: Shutting down and abandoning module WindowsTargetPlatform (99)
[2019.11.07-05.39.45:607][618]LogModuleManager: Shutting down and abandoning module WindowsServerTargetPlatform (97)
[2019.11.07-05.39.45:607][618]LogModuleManager: Shutting down and abandoning module WindowsNoEditorTargetPlatform (95)
[2019.11.07-05.39.45:607][618]LogModuleManager: Shutting down and abandoning module WindowsClientTargetPlatform (93)
[2019.11.07-05.39.45:607][618]LogModuleManager: Shutting down and abandoning module MacTargetPlatform (91)
[2019.11.07-05.39.45:607][618]LogModuleManager: Shutting down and abandoning module MacServerTargetPlatform (89)
[2019.11.07-05.39.45:607][618]LogModuleManager: Shutting down and abandoning module MacNoEditorTargetPlatform (87)
[2019.11.07-05.39.45:607][618]LogModuleManager: Shutting down and abandoning module MacClientTargetPlatform (85)
[2019.11.07-05.39.45:607][618]LogModuleManager: Shutting down and abandoning module AllDesktopTargetPlatform (83)
[2019.11.07-05.39.45:607][618]LogModuleManager: Shutting down and abandoning module InputCore (80)
[2019.11.07-05.39.45:607][618]LogModuleManager: Shutting down and abandoning module Settings (78)
[2019.11.07-05.39.45:608][618]LogModuleManager: Shutting down and abandoning module DirectoryWatcher (76)
[2019.11.07-05.39.45:608][618]LogModuleManager: Shutting down and abandoning module PhysXCooking (74)
[2019.11.07-05.39.45:608][618]LogModuleManager: Shutting down and abandoning module SteamVR (72)
[2019.11.07-05.39.45:608][618]LogHMD: Freeing OpenVRDLLHandle.
[2019.11.07-05.39.45:608][618]LogModuleManager: Shutting down and abandoning module OculusHMD (70)
[2019.11.07-05.39.45:608][618]LogModuleManager: Shutting down and abandoning module ExampleDeviceProfileSelector (68)
[2019.11.07-05.39.45:608][618]LogModuleManager: Shutting down and abandoning module LauncherChunkInstaller (66)
[2019.11.07-05.39.45:608][618]LogModuleManager: Shutting down and abandoning module OnlineBlueprintSupport (64)
[2019.11.07-05.39.45:608][618]LogModuleManager: Shutting down and abandoning module OnlineSubsystem (60)
[2019.11.07-05.39.45:610][618]LogModuleManager: Shutting down and abandoning module XMPP (55)
[2019.11.07-05.39.45:610][618]LogModuleManager: Shutting down and abandoning module WebSockets (54)
[2019.11.07-05.39.45:646][618]LogModuleManager: Shutting down and abandoning module HTTP (51)
[2019.11.07-05.39.45:646][618]LogHttp: Display: Http module shutting down, but needs to wait on 1 outstanding Http requests:
[2019.11.07-05.39.45:646][618]LogHttp: Display: 	verb=[POST] url=[https://datarouter.ol.epicgames.com/datarouter/api/v1/public/data?SessionID=%7B36CCB48B-4F92-9CB1-2982-4C9612A78DA5%7D&AppID=UEEditor.Rocket.Release&AppVersion=4.22.3-7053642%2B%2B%2BUE4%2BRelease-4.22&UserID=d0f3e2224a20096108d14684a2c4948e%7C5da0a575396e42aaa050e7156849bac3%7C6f92ba10-43e8-4f57-8ca9-34378ca0de5e&AppEnvironment=datacollector-binary&UploadType=eteventstream] status=Processing
[2019.11.07-05.39.45:680][618]LogModuleManager: Shutting down and abandoning module SSL (50)
[2019.11.07-05.39.45:683][618]LogModuleManager: Shutting down and abandoning module WmfMedia (46)
[2019.11.07-05.39.45:686][618]LogModuleManager: Shutting down and abandoning module Media (45)
[2019.11.07-05.39.45:693][618]LogModuleManager: Shutting down and abandoning module MagicLeap (42)
[2019.11.07-05.39.45:693][618]LogModuleManager: Shutting down and abandoning module DatasmithContent (40)
[2019.11.07-05.39.45:694][618]LogModuleManager: Shutting down and abandoning module AnimationModifiers (38)
[2019.11.07-05.39.45:694][618]LogModuleManager: Shutting down and abandoning module PropertyEditor (37)
[2019.11.07-05.39.45:694][618]LogModuleManager: Shutting down and abandoning module AudioEditor (34)
[2019.11.07-05.39.45:695][618]LogModuleManager: Shutting down and abandoning module TextureCompressor (32)
[2019.11.07-05.39.45:695][618]LogModuleManager: Shutting down and abandoning module RenderCore (30)
[2019.11.07-05.39.45:695][618]LogModuleManager: Shutting down and abandoning module Landscape (28)
[2019.11.07-05.39.45:695][618]LogModuleManager: Shutting down and abandoning module SlateRHIRenderer (26)
[2019.11.07-05.39.45:696][618]LogModuleManager: Shutting down and abandoning module OpenGLDrv (24)
[2019.11.07-05.39.45:696][618]LogModuleManager: Shutting down and abandoning module D3D11RHI (22)
[2019.11.07-05.39.45:697][618]LogModuleManager: Shutting down and abandoning module AnimGraphRuntime (20)
[2019.11.07-05.39.45:697][618]LogModuleManager: Shutting down and abandoning module Renderer (18)
[2019.11.07-05.39.45:697][618]LogModuleManager: Shutting down and abandoning module Engine (16)
[2019.11.07-05.39.45:697][618]LogModuleManager: Shutting down and abandoning module CoreUObject (14)
[2019.11.07-05.39.45:697][618]LogModuleManager: Shutting down and abandoning module NetworkFile (12)
[2019.11.07-05.39.45:697][618]LogModuleManager: Shutting down and abandoning module CookedIterativeFile (10)
[2019.11.07-05.39.45:697][618]LogModuleManager: Shutting down and abandoning module StreamingFile (8)
[2019.11.07-05.39.45:697][618]LogModuleManager: Shutting down and abandoning module SandboxFile (6)
[2019.11.07-05.39.45:697][618]LogModuleManager: Shutting down and abandoning module PakFile (4)
[2019.11.07-05.39.45:697][618]LogModuleManager: Shutting down and abandoning module RSA (3)
[2019.11.07-05.39.45:706][618]LogExit: Exiting.
[2019.11.07-05.39.45:762][618]Log file closed, 11/06/19 23:39:45
